ST 0x0 0 0
ST 0x80 0 0
ST 0x100 0 0
ST 0x180 0 0
ST 0x200 0 0
ST 0x280 0 0
ST 0x300 0 0
ST 0x380 0 0
ST 0x400 0 0
ST 0x480 0 0
ST 0x500 0 0
ST 0x580 0 0
ST 0x600 0 0
ST 0x680 0 0
ST 0x700 0 0
ST 0x780 0 0
ST 0x800 0 0
ST 0x880 0 0
ST 0x900 0 0
ST 0x980 0 0
ST 0xa00 0 0
ST 0xa80 0 0
ST 0xb00 0 0
ST 0xb80 0 0
ST 0xc00 0 0
ST 0xc80 0 0
ST 0xd00 0 0
ST 0xd80 0 0
ST 0xe00 0 0
ST 0xe80 0 0
ST 0xf00 0 0
ST 0xf80 0 0
ST 0x1000 0 0
ST 0x1080 0 0
ST 0x1100 0 0
ST 0x1180 0 0
ST 0x1200 0 0
ST 0x1280 0 0
ST 0x1300 0 0
ST 0x1380 0 0
ST 0x1400 0 0
ST 0x1480 0 0
ST 0x1500 0 0
ST 0x1580 0 0
ST 0x1600 0 0
ST 0x1680 0 0
ST 0x1700 0 0
ST 0x1780 0 0
ST 0x1800 0 0
ST 0x1880 0 0
ST 0x1900 0 0
ST 0x1980 0 0
ST 0x1a00 0 0
ST 0x1a80 0 0
ST 0x1b00 0 0
ST 0x1b80 0 0
ST 0x1c00 0 0
ST 0x1c80 0 0
ST 0x1d00 0 0
ST 0x1d80 0 0
ST 0x1e00 0 0
ST 0x1e80 0 0
ST 0x1f00 0 0
ST 0x1f80 0 0
ST 0x2000 0 0
ST 0x2080 0 0
ST 0x2100 0 0
ST 0x2180 0 0
ST 0x2200 0 0
ST 0x2280 0 0
ST 0x2300 0 0
ST 0x2380 0 0
ST 0x2400 0 0
ST 0x2480 0 0
ST 0x2500 0 0
ST 0x2580 0 0
ST 0x2600 0 0
ST 0x2680 0 0
ST 0x2700 0 0
ST 0x2780 0 0
ST 0x2800 0 0
ST 0x2880 0 0
ST 0x2900 0 0
ST 0x2980 0 0
ST 0x2a00 0 0
ST 0x2a80 0 0
ST 0x2b00 0 0
ST 0x2b80 0 0
ST 0x2c00 0 0
ST 0x2c80 0 0
ST 0x2d00 0 0
ST 0x2d80 0 0
ST 0x2e00 0 0
ST 0x2e80 0 0
ST 0x2f00 0 0
ST 0x2f80 0 0
ST 0x3000 0 0
ST 0x3080 0 0
ST 0x3100 0 0
ST 0x3180 0 0
ST 0x3200 0 0
ST 0x3280 0 0
ST 0x3300 0 0
ST 0x3380 0 0
ST 0x3400 0 0
ST 0x3480 0 0
ST 0x3500 0 0
ST 0x3580 0 0
ST 0x3600 0 0
ST 0x3680 0 0
ST 0x3700 0 0
ST 0x3780 0 0
ST 0x3800 0 0
ST 0x3880 0 0
ST 0x3900 0 0
ST 0x3980 0 0
ST 0x3a00 0 0
ST 0x3a80 0 0
ST 0x3b00 0 0
ST 0x3b80 0 0
ST 0x3c00 0 0
ST 0x3c80 0 0
ST 0x3d00 0 0
ST 0x3d80 0 0
ST 0x3e00 0 0
ST 0x3e80 0 0
ST 0x3f00 0 0
ST 0x3f80 0 0
ST 0x4000 0 0
ST 0x4080 0 0
ST 0x4100 0 0
ST 0x4180 0 0
ST 0x4200 0 0
ST 0x4280 0 0
ST 0x4300 0 0
ST 0x4380 0 0
ST 0x4400 0 0
ST 0x4480 0 0
ST 0x4500 0 0
ST 0x4580 0 0
ST 0x4600 0 0
ST 0x4680 0 0
ST 0x4700 0 0
ST 0x4780 0 0
ST 0x4800 0 0
ST 0x4880 0 0
ST 0x4900 0 0
ST 0x4980 0 0
ST 0x4a00 0 0
ST 0x4a80 0 0
ST 0x4b00 0 0
ST 0x4b80 0 0
ST 0x4c00 0 0
ST 0x4c80 0 0
ST 0x4d00 0 0
ST 0x4d80 0 0
ST 0x4e00 0 0
ST 0x4e80 0 0
ST 0x4f00 0 0
ST 0x4f80 0 0
ST 0x5000 0 0
ST 0x5080 0 0
ST 0x5100 0 0
ST 0x5180 0 0
ST 0x5200 0 0
ST 0x5280 0 0
ST 0x5300 0 0
ST 0x5380 0 0
ST 0x5400 0 0
ST 0x5480 0 0
ST 0x5500 0 0
ST 0x5580 0 0
ST 0x5600 0 0
ST 0x5680 0 0
ST 0x5700 0 0
ST 0x5780 0 0
ST 0x5800 0 0
ST 0x5880 0 0
ST 0x5900 0 0
ST 0x5980 0 0
ST 0x5a00 0 0
ST 0x5a80 0 0
ST 0x5b00 0 0
ST 0x5b80 0 0
ST 0x5c00 0 0
ST 0x5c80 0 0
ST 0x5d00 0 0
ST 0x5d80 0 0
ST 0x5e00 0 0
ST 0x5e80 0 0
ST 0x5f00 0 0
ST 0x5f80 0 0
ST 0x6000 0 0
ST 0x6080 0 0
ST 0x6100 0 0
ST 0x6180 0 0
ST 0x6200 0 0
ST 0x6280 0 0
ST 0x6300 0 0
ST 0x6380 0 0
ST 0x6400 0 0
ST 0x6480 0 0
ST 0x6500 0 0
ST 0x6580 0 0
ST 0x6600 0 0
ST 0x6680 0 0
ST 0x6700 0 0
ST 0x6780 0 0
ST 0x6800 0 0
ST 0x6880 0 0
ST 0x6900 0 0
ST 0x6980 0 0
ST 0x6a00 0 0
ST 0x6a80 0 0
ST 0x6b00 0 0
ST 0x6b80 0 0
ST 0x6c00 0 0
ST 0x6c80 0 0
ST 0x6d00 0 0
ST 0x6d80 0 0
ST 0x6e00 0 0
ST 0x6e80 0 0
ST 0x6f00 0 0
ST 0x6f80 0 0
ST 0x7000 0 0
ST 0x7080 0 0
ST 0x7100 0 0
ST 0x7180 0 0
ST 0x7200 0 0
ST 0x7280 0 0
ST 0x7300 0 0
ST 0x7380 0 0
ST 0x7400 0 0
ST 0x7480 0 0
ST 0x7500 0 0
ST 0x7580 0 0
ST 0x7600 0 0
ST 0x7680 0 0
ST 0x7700 0 0
ST 0x7780 0 0
ST 0x7800 0 0
ST 0x7880 0 0
ST 0x7900 0 0
ST 0x7980 0 0
ST 0x7a00 0 0
ST 0x7a80 0 0
ST 0x7b00 0 0
ST 0x7b80 0 0
ST 0x7c00 0 0
ST 0x7c80 0 0
ST 0x7d00 0 0
ST 0x7d80 0 0
ST 0x7e00 0 0
ST 0x7e80 0 0
ST 0x7f00 0 0
ST 0x7f80 0 0
LD 0x10000 0 0
LD 0x10080 0 0
LD 0x10100 0 0
LD 0x10180 0 0
LD 0x10200 0 0
LD 0x10280 0 0
LD 0x10300 0 0
LD 0x10380 0 0
LD 0x10400 0 0
LD 0x10480 0 0
LD 0x10500 0 0
LD 0x10580 0 0
LD 0x10600 0 0
LD 0x10680 0 0
LD 0x10700 0 0
LD 0x10780 0 0
LD 0x10800 0 0
LD 0x10880 0 0
LD 0x10900 0 0
LD 0x10980 0 0
LD 0x10a00 0 0
LD 0x10a80 0 0
LD 0x10b00 0 0
LD 0x10b80 0 0
LD 0x10c00 0 0
LD 0x10c80 0 0
LD 0x10d00 0 0
LD 0x10d80 0 0
LD 0x10e00 0 0
LD 0x10e80 0 0
LD 0x10f00 0 0
LD 0x10f80 0 0
LD 0x11000 0 0
LD 0x11080 0 0
LD 0x11100 0 0
LD 0x11180 0 0
LD 0x11200 0 0
LD 0x11280 0 0
LD 0x11300 0 0
LD 0x11380 0 0
LD 0x11400 0 0
LD 0x11480 0 0
LD 0x11500 0 0
LD 0x11580 0 0
LD 0x11600 0 0
LD 0x11680 0 0
LD 0x11700 0 0
LD 0x11780 0 0
LD 0x11800 0 0
LD 0x11880 0 0
LD 0x11900 0 0
LD 0x11980 0 0
LD 0x11a00 0 0
LD 0x11a80 0 0
LD 0x11b00 0 0
LD 0x11b80 0 0
LD 0x11c00 0 0
LD 0x11c80 0 0
LD 0x11d00 0 0
LD 0x11d80 0 0
LD 0x11e00 0 0
LD 0x11e80 0 0
LD 0x11f00 0 0
LD 0x11f80 0 0
LD 0x12000 0 0
LD 0x12080 0 0
LD 0x12100 0 0
LD 0x12180 0 0
LD 0x12200 0 0
LD 0x12280 0 0
LD 0x12300 0 0
LD 0x12380 0 0
LD 0x12400 0 0
LD 0x12480 0 0
LD 0x12500 0 0
LD 0x12580 0 0
LD 0x12600 0 0
LD 0x12680 0 0
LD 0x12700 0 0
LD 0x12780 0 0
LD 0x12800 0 0
LD 0x12880 0 0
LD 0x12900 0 0
LD 0x12980 0 0
LD 0x12a00 0 0
LD 0x12a80 0 0
LD 0x12b00 0 0
LD 0x12b80 0 0
LD 0x12c00 0 0
LD 0x12c80 0 0
LD 0x12d00 0 0
LD 0x12d80 0 0
LD 0x12e00 0 0
LD 0x12e80 0 0
LD 0x12f00 0 0
LD 0x12f80 0 0
LD 0x13000 0 0
LD 0x13080 0 0
LD 0x13100 0 0
LD 0x13180 0 0
LD 0x13200 0 0
LD 0x13280 0 0
LD 0x13300 0 0
LD 0x13380 0 0
LD 0x13400 0 0
LD 0x13480 0 0
LD 0x13500 0 0
LD 0x13580 0 0
LD 0x13600 0 0
LD 0x13680 0 0
LD 0x13700 0 0
LD 0x13780 0 0
LD 0x13800 0 0
LD 0x13880 0 0
LD 0x13900 0 0
LD 0x13980 0 0
LD 0x13a00 0 0
LD 0x13a80 0 0
LD 0x13b00 0 0
LD 0x13b80 0 0
LD 0x13c00 0 0
LD 0x13c80 0 0
LD 0x13d00 0 0
LD 0x13d80 0 0
LD 0x13e00 0 0
LD 0x13e80 0 0
LD 0x13f00 0 0
LD 0x13f80 0 0
LD 0x14000 0 0
LD 0x14080 0 0
LD 0x14100 0 0
LD 0x14180 0 0
LD 0x14200 0 0
LD 0x14280 0 0
LD 0x14300 0 0
LD 0x14380 0 0
LD 0x14400 0 0
LD 0x14480 0 0
LD 0x14500 0 0
LD 0x14580 0 0
LD 0x14600 0 0
LD 0x14680 0 0
LD 0x14700 0 0
LD 0x14780 0 0
LD 0x14800 0 0
LD 0x14880 0 0
LD 0x14900 0 0
LD 0x14980 0 0
LD 0x14a00 0 0
LD 0x14a80 0 0
LD 0x14b00 0 0
LD 0x14b80 0 0
LD 0x14c00 0 0
LD 0x14c80 0 0
LD 0x14d00 0 0
LD 0x14d80 0 0
LD 0x14e00 0 0
LD 0x14e80 0 0
LD 0x14f00 0 0
LD 0x14f80 0 0
LD 0x15000 0 0
LD 0x15080 0 0
LD 0x15100 0 0
LD 0x15180 0 0
LD 0x15200 0 0
LD 0x15280 0 0
LD 0x15300 0 0
LD 0x15380 0 0
LD 0x15400 0 0
LD 0x15480 0 0
LD 0x15500 0 0
LD 0x15580 0 0
LD 0x15600 0 0
LD 0x15680 0 0
LD 0x15700 0 0
LD 0x15780 0 0
LD 0x15800 0 0
LD 0x15880 0 0
LD 0x15900 0 0
LD 0x15980 0 0
LD 0x15a00 0 0
LD 0x15a80 0 0
LD 0x15b00 0 0
LD 0x15b80 0 0
LD 0x15c00 0 0
LD 0x15c80 0 0
LD 0x15d00 0 0
LD 0x15d80 0 0
LD 0x15e00 0 0
LD 0x15e80 0 0
LD 0x15f00 0 0
LD 0x15f80 0 0
LD 0x16000 0 0
LD 0x16080 0 0
LD 0x16100 0 0
LD 0x16180 0 0
LD 0x16200 0 0
LD 0x16280 0 0
LD 0x16300 0 0
LD 0x16380 0 0
LD 0x16400 0 0
LD 0x16480 0 0
LD 0x16500 0 0
LD 0x16580 0 0
LD 0x16600 0 0
LD 0x16680 0 0
LD 0x16700 0 0
LD 0x16780 0 0
LD 0x16800 0 0
LD 0x16880 0 0
LD 0x16900 0 0
LD 0x16980 0 0
LD 0x16a00 0 0
LD 0x16a80 0 0
LD 0x16b00 0 0
LD 0x16b80 0 0
LD 0x16c00 0 0
LD 0x16c80 0 0
LD 0x16d00 0 0
LD 0x16d80 0 0
LD 0x16e00 0 0
LD 0x16e80 0 0
LD 0x16f00 0 0
LD 0x16f80 0 0
LD 0x17000 0 0
LD 0x17080 0 0
LD 0x17100 0 0
LD 0x17180 0 0
LD 0x17200 0 0
LD 0x17280 0 0
LD 0x17300 0 0
LD 0x17380 0 0
LD 0x17400 0 0
LD 0x17480 0 0
LD 0x17500 0 0
LD 0x17580 0 0
LD 0x17600 0 0
LD 0x17680 0 0
LD 0x17700 0 0
LD 0x17780 0 0
LD 0x17800 0 0
LD 0x17880 0 0
LD 0x17900 0 0
LD 0x17980 0 0
LD 0x17a00 0 0
LD 0x17a80 0 0
LD 0x17b00 0 0
LD 0x17b80 0 0
LD 0x17c00 0 0
LD 0x17c80 0 0
LD 0x17d00 0 0
LD 0x17d80 0 0
LD 0x17e00 0 0
LD 0x17e80 0 0
LD 0x17f00 0 0
LD 0x17f80 0 0
