ST 0xc5380 0 0
ST 0xd7500 0 0
ST 0x14b80 0 0
ST 0x84900 0 0
ST 0xf8c80 0 0
ST 0xcf500 0 0
ST 0x9b480 0 0
ST 0xf4000 0 0
ST 0xb7500 0 0
ST 0x6fd00 0 0
ST 0x47480 0 0
ST 0x90480 0 0
ST 0x47880 0 0
ST 0x30880 0 0
ST 0x80400 0 0
ST 0x4b380 0 0
ST 0x9ec80 0 0
ST 0x32900 0 0
ST 0x25c00 0 0
ST 0xa9080 0 0
ST 0xf1b80 0 0
ST 0x33880 0 0
ST 0xb5200 0 0
ST 0xde480 0 0
ST 0xa1e00 0 0
ST 0x68b00 0 0
ST 0xf4380 0 0
ST 0xe2a80 0 0
ST 0x85580 0 0
ST 0x1fe00 0 0
ST 0x7300 0 0
ST 0x2fc00 0 0
ST 0xcc300 0 0
ST 0x900 0 0
ST 0xfcb00 0 0
ST 0xaa900 0 0
ST 0x7ce00 0 0
ST 0xa6800 0 0
ST 0x20380 0 0
ST 0x61d00 0 0
ST 0x71800 0 0
ST 0x7a280 0 0
ST 0x48f00 0 0
ST 0xe5580 0 0
ST 0x2eb00 0 0
ST 0x29300 0 0
ST 0xa3d80 0 0
ST 0xfa800 0 0
ST 0x37d00 0 0
ST 0x9a500 0 0
ST 0x95080 0 0
ST 0x3fe00 0 0
ST 0xaa580 0 0
ST 0x68080 0 0
ST 0x93400 0 0
ST 0xe3d00 0 0
ST 0x2ee80 0 0
ST 0xc5100 0 0
ST 0xa2500 0 0
ST 0x7bf00 0 0
ST 0x94a00 0 0
ST 0x5e200 0 0
ST 0x60f00 0 0
ST 0x5f980 0 0
ST 0x10e00 0 0
ST 0x85200 0 0
ST 0xf3f80 0 0
ST 0x23580 0 0
ST 0x2df80 0 0
ST 0x42a80 0 0
ST 0x4c900 0 0
ST 0x13c80 0 0
ST 0x29100 0 0
ST 0xc8500 0 0
ST 0x8d180 0 0
ST 0x78900 0 0
ST 0x6e280 0 0
ST 0xd6b80 0 0
ST 0x8ce80 0 0
ST 0xe6b00 0 0
ST 0xfc380 0 0
ST 0xb6f80 0 0
ST 0x2a280 0 0
ST 0xa6080 0 0
ST 0x3b080 0 0
ST 0xf9080 0 0
ST 0xaba80 0 0
ST 0x61780 0 0
ST 0x7c680 0 0
ST 0x8480 0 0
ST 0x8ac00 0 0
ST 0x3bf80 0 0
ST 0x70e00 0 0
ST 0xbe780 0 0
ST 0x57480 0 0
ST 0xaa400 0 0
ST 0xda280 0 0
ST 0x1fd00 0 0
ST 0x33800 0 0
ST 0x4ae80 0 0
ST 0x70000 0 0
ST 0x17280 0 0
ST 0x25e00 0 0
ST 0xda80 0 0
ST 0x3fb00 0 0
ST 0x60800 0 0
ST 0x3d480 0 0
ST 0xc8480 0 0
ST 0x2ed80 0 0
ST 0xbd800 0 0
ST 0x3b680 0 0
ST 0x12a00 0 0
ST 0xb100 0 0
ST 0x63a00 0 0
ST 0x5eb00 0 0
ST 0x3f680 0 0
ST 0xf5580 0 0
ST 0x6bd00 0 0
ST 0x1f400 0 0
ST 0xba80 0 0
ST 0xd9e80 0 0
ST 0x33f00 0 0
ST 0x85100 0 0
ST 0x23d00 0 0
ST 0x71100 0 0
ST 0x24d80 0 0
ST 0x9a200 0 0
ST 0xb3580 0 0
ST 0xdf400 0 0
ST 0x5c500 0 0
ST 0x1f400 0 0
ST 0xef280 0 0
ST 0x14280 0 0
ST 0x33a80 0 0
ST 0xc8500 0 0
ST 0x66100 0 0
ST 0x85300 0 0
ST 0xb7900 0 0
ST 0xf0c00 0 0
ST 0x56b80 0 0
ST 0x68200 0 0
ST 0x1db80 0 0
ST 0x51000 0 0
ST 0x52e80 0 0
ST 0xaf400 0 0
ST 0x80580 0 0
ST 0x3c000 0 0
ST 0xe2700 0 0
ST 0x59800 0 0
ST 0x6c00 0 0
ST 0xf1780 0 0
ST 0xd1d80 0 0
ST 0x9f700 0 0
ST 0xb6d80 0 0
ST 0xc6f80 0 0
ST 0x80780 0 0
ST 0x4e880 0 0
ST 0x6580 0 0
ST 0xea780 0 0
ST 0x28780 0 0
ST 0xabf80 0 0
ST 0x17600 0 0
ST 0x8fc80 0 0
ST 0x45080 0 0
ST 0x7af00 0 0
ST 0xf6b00 0 0
ST 0xb4500 0 0
ST 0x93600 0 0
ST 0xb7e80 0 0
ST 0x43c00 0 0
ST 0x9ed80 0 0
ST 0xc6a80 0 0
ST 0xd4280 0 0
ST 0x29500 0 0
ST 0xc00 0 0
ST 0x62700 0 0
ST 0xab300 0 0
ST 0x51f00 0 0
ST 0x7a900 0 0
ST 0x72380 0 0
ST 0xe5700 0 0
ST 0xc1d80 0 0
ST 0xd4280 0 0
ST 0x10200 0 0
ST 0xcdf00 0 0
ST 0xd6200 0 0
ST 0x17f00 0 0
ST 0x54d00 0 0
ST 0xe4000 0 0
ST 0x20b00 0 0
ST 0x84b80 0 0
ST 0x50b80 0 0
ST 0xe4880 0 0
ST 0xf9780 0 0
ST 0x80 0 0
ST 0x13e80 0 0
ST 0xfd380 0 0
ST 0xa6e00 0 0
ST 0x9fc00 0 0
ST 0xef080 0 0
ST 0x19800 0 0
ST 0xd4880 0 0
ST 0x60400 0 0
ST 0x2ab80 0 0
ST 0x42d00 0 0
ST 0x7880 0 0
ST 0xcdb80 0 0
ST 0xd5c00 0 0
ST 0xa1e00 0 0
ST 0x1b80 0 0
ST 0x6d500 0 0
ST 0x7500 0 0
ST 0x1300 0 0
ST 0x32100 0 0
ST 0x61800 0 0
ST 0x3ce00 0 0
ST 0x65a00 0 0
ST 0x9ad00 0 0
ST 0x8f580 0 0
ST 0x5d480 0 0
ST 0x33480 0 0
ST 0xf3800 0 0
ST 0xcb180 0 0
ST 0x29a00 0 0
ST 0xb280 0 0
ST 0x8ca00 0 0
ST 0xe7e80 0 0
ST 0x3b400 0 0
ST 0x83500 0 0
ST 0x44480 0 0
ST 0xb1b00 0 0
ST 0x3ae80 0 0
ST 0x4f100 0 0
ST 0x8e880 0 0
ST 0x9800 0 0
ST 0x15a80 0 0
ST 0x14d00 0 0
ST 0x69500 0 0
ST 0x84f00 0 0
ST 0xa1200 0 0
ST 0xbbd80 0 0
ST 0x15800 0 0
ST 0xfd280 0 0
ST 0xead00 0 0
ST 0xdef00 0 0
ST 0xbeb00 0 0
ST 0x5b480 0 0
ST 0x6a680 0 0
ST 0xc0480 0 0
ST 0x95000 0 0
ST 0x4880 0 0
ST 0x46e00 0 0
ST 0x4d500 0 0
ST 0x8af00 0 0
ST 0xaab00 0 0
ST 0xacc80 0 0
LD 0xcc000 0 0
LD 0x3ff80 0 0
LD 0xbd280 0 0
LD 0x22400 0 0
LD 0x25180 0 0
LD 0x9a080 0 0
LD 0x63e00 0 0
LD 0x5c800 0 0
LD 0xa4380 0 0
LD 0xc8c80 0 0
LD 0xda200 0 0
LD 0x52600 0 0
LD 0xa6380 0 0
LD 0x4ad00 0 0
LD 0x104c00 0 0
LD 0x8ab80 0 0
LD 0x28b00 0 0
LD 0xada00 0 0
LD 0x6bf00 0 0
LD 0x34480 0 0
LD 0xaaf00 0 0
LD 0xde680 0 0
LD 0xb8300 0 0
LD 0xa9300 0 0
LD 0xe4500 0 0
LD 0x47a00 0 0
LD 0x42e00 0 0
LD 0x106580 0 0
LD 0x102b00 0 0
LD 0xbc900 0 0
LD 0xbff00 0 0
LD 0x4fa00 0 0
LD 0x105480 0 0
LD 0x4b600 0 0
LD 0x10ed00 0 0
LD 0xea600 0 0
LD 0x23580 0 0
LD 0xaa900 0 0
LD 0xbb880 0 0
LD 0x5fb00 0 0
LD 0x65400 0 0
LD 0xd0480 0 0
LD 0x3c800 0 0
LD 0x31b00 0 0
LD 0x3b580 0 0
LD 0x75600 0 0
LD 0x81280 0 0
LD 0x2f480 0 0
LD 0xd5000 0 0
LD 0x14000 0 0
LD 0x42300 0 0
LD 0xd9a00 0 0
LD 0xa4600 0 0
LD 0xf5a00 0 0
LD 0x10a280 0 0
LD 0x7f380 0 0
LD 0xe8980 0 0
LD 0x3ad00 0 0
LD 0xcc900 0 0
LD 0x80b00 0 0
LD 0x95900 0 0
LD 0x65480 0 0
LD 0xecc80 0 0
LD 0x72400 0 0
LD 0xc7880 0 0
LD 0x4ae00 0 0
LD 0x30b00 0 0
LD 0x1e200 0 0
LD 0xf7380 0 0
LD 0x77400 0 0
LD 0x4ce00 0 0
LD 0x10e800 0 0
LD 0xdbc00 0 0
LD 0x93500 0 0
LD 0x7a180 0 0
LD 0x25880 0 0
LD 0x7e880 0 0
LD 0x5ae80 0 0
LD 0x45900 0 0
LD 0x75580 0 0
LD 0xfab00 0 0
LD 0xd1880 0 0
LD 0xc9280 0 0
LD 0x5d780 0 0
LD 0x45a00 0 0
LD 0x109c80 0 0
LD 0x5bf80 0 0
LD 0xdfd00 0 0
LD 0xe8b00 0 0
LD 0x10da00 0 0
LD 0xb5180 0 0
LD 0x10f300 0 0
LD 0x10f480 0 0
LD 0x77680 0 0
LD 0x80000 0 0
LD 0x14f80 0 0
LD 0xbe300 0 0
LD 0xb2f00 0 0
LD 0xb4c00 0 0
LD 0x22280 0 0
LD 0x5bf00 0 0
LD 0x93800 0 0
LD 0x5fd00 0 0
LD 0xd2080 0 0
LD 0xa6b80 0 0
LD 0x100d80 0 0
LD 0x31f80 0 0
LD 0x3b500 0 0
LD 0x24280 0 0
LD 0x31f80 0 0
LD 0x83380 0 0
LD 0x52d00 0 0
LD 0x24c80 0 0
LD 0xa9d00 0 0
LD 0x17d00 0 0
LD 0xf5a80 0 0
LD 0xb9400 0 0
LD 0x62400 0 0
LD 0x5c300 0 0
LD 0xfbe00 0 0
LD 0xce180 0 0
LD 0xd3b00 0 0
LD 0x21300 0 0
LD 0x3e680 0 0
LD 0x37180 0 0
LD 0xea480 0 0
LD 0x79800 0 0
LD 0xa4480 0 0
LD 0xe5e80 0 0
LD 0x106e00 0 0
LD 0xd6f00 0 0
LD 0x87900 0 0
LD 0x1a780 0 0
LD 0x10180 0 0
LD 0x6d280 0 0
LD 0xaad80 0 0
LD 0x92480 0 0
LD 0xba500 0 0
LD 0x31980 0 0
LD 0x10ca80 0 0
LD 0x96200 0 0
LD 0xab080 0 0
LD 0xe0e80 0 0
LD 0xd4b00 0 0
LD 0xd4700 0 0
LD 0x2fe00 0 0
LD 0x63d80 0 0
LD 0x51300 0 0
LD 0x8a500 0 0
LD 0xa2f80 0 0
LD 0xbb000 0 0
LD 0x2c680 0 0
LD 0x22600 0 0
LD 0x106700 0 0
LD 0xe5f00 0 0
LD 0x58200 0 0
LD 0x10bd00 0 0
LD 0x39c80 0 0
LD 0x5d800 0 0
LD 0xc4980 0 0
LD 0xe2800 0 0
LD 0x22000 0 0
LD 0xfeb80 0 0
LD 0xd5f80 0 0
LD 0xfaf00 0 0
LD 0x28100 0 0
LD 0x43f00 0 0
LD 0x101180 0 0
LD 0x5d800 0 0
LD 0x1a580 0 0
LD 0x20980 0 0
LD 0x53f00 0 0
LD 0xb5d00 0 0
LD 0x45e80 0 0
LD 0xc1780 0 0
LD 0x73d00 0 0
LD 0xd4480 0 0
LD 0x10b080 0 0
LD 0x48d00 0 0
LD 0x2ec80 0 0
LD 0xff300 0 0
LD 0xbcf80 0 0
LD 0x4fa00 0 0
LD 0xa7b80 0 0
LD 0x51100 0 0
LD 0xd6780 0 0
LD 0xa6680 0 0
LD 0x4e380 0 0
LD 0x70d00 0 0
LD 0x23880 0 0
LD 0xd8b00 0 0
LD 0xf3980 0 0
LD 0xce380 0 0
LD 0x71800 0 0
LD 0xf9300 0 0
LD 0xc6880 0 0
LD 0x36900 0 0
LD 0x26d80 0 0
LD 0x24780 0 0
LD 0x108e80 0 0
LD 0x92c00 0 0
LD 0x1da00 0 0
LD 0x7e900 0 0
LD 0x85900 0 0
LD 0x3fd80 0 0
LD 0xe7180 0 0
LD 0xac500 0 0
LD 0x4a100 0 0
LD 0x5a900 0 0
LD 0xea180 0 0
LD 0xe8100 0 0
LD 0x3b000 0 0
LD 0x45a00 0 0
LD 0xe4c80 0 0
LD 0x30300 0 0
LD 0x42c80 0 0
LD 0xe4900 0 0
LD 0x5ff00 0 0
LD 0x1fb80 0 0
LD 0xf4b80 0 0
LD 0xecb00 0 0
LD 0xe5800 0 0
LD 0x1f680 0 0
LD 0x10e400 0 0
LD 0xb6200 0 0
LD 0x91500 0 0
LD 0x38300 0 0
LD 0xc4780 0 0
LD 0x34000 0 0
LD 0x4e200 0 0
LD 0xc7f00 0 0
LD 0x1f080 0 0
LD 0xc0d80 0 0
LD 0xc2180 0 0
LD 0x6b100 0 0
LD 0x15180 0 0
LD 0x86000 0 0
LD 0xcb480 0 0
LD 0x34180 0 0
LD 0x59580 0 0
LD 0x7a780 0 0
LD 0x11a00 0 0
LD 0x78d80 0 0
LD 0x4f100 0 0
LD 0x13a80 0 0
LD 0xa6200 0 0
LD 0xccf80 0 0
LD 0x1c980 0 0
LD 0x87380 0 0
LD 0x58a00 0 0
LD 0x6fb80 0 0
LD 0xf8780 0 0
LD 0x49880 0 0
LD 0x104100 0 0
LD 0xc0580 0 0
LD 0x94300 0 0
