==========	uname -a	==========
Linux ee24 3.10.0-1160.88.1.el7.x86_64 #1 SMP Tue Mar 7 15:41:52 UTC 2023 x86_64 x86_64 x86_64 GNU/Linux
-------------	end(uname -a)     -------------

==========	limit		==========
cputime      unlimited
filesize     10485760 kbytes
datasize     unlimited
stacksize    8192 kbytes
coredumpsize 0 kbytes
memoryuse    unlimited
vmemoryuse   unlimited
descriptors  4096 
memorylocked 64 kbytes
maxproc      4096 
maxlocks     unlimited
maxsignal    4126203 
maxmessage   819200 
maxnice      0 
maxrtprio    0 
maxrttime    unlimited
-------------	end(limit)     -------------
==========	xdpyinfo	==========
name of display:    localhost:21.0
version number:    11.0
vendor string:    Moba/X
vendor release number:    12101015
maximum request size:  16777212 bytes
motion buffer size:  256
bitmap unit, bit order, padding:    32, LSBFirst, 32
image byte order:    LSBFirst
number of supported pixmap formats:    7
supported pixmap formats:
    depth 1, bits_per_pixel 1, scanline_pad 32
    depth 4, bits_per_pixel 8, scanline_pad 32
    depth 8, bits_per_pixel 8, scanline_pad 32
    depth 15, bits_per_pixel 16, scanline_pad 32
    depth 16, bits_per_pixel 16, scanline_pad 32
    depth 24, bits_per_pixel 32, scanline_pad 32
    depth 32, bits_per_pixel 32, scanline_pad 32
keycode range:    minimum 8, maximum 255
focus:  window 0x2005a9, revert to Parent
number of extensions:    19
    BIG-REQUESTS
    Composite
    DAMAGE
    DOUBLE-BUFFER
    GLX
    Generic Event Extension
    Present
    RANDR
    RECORD
    RENDER
    SHAPE
    SYNC
    X-Resource
    XC-MISC
    XFIXES
    XINERAMA
    XInputExtension
    XKEYBOARD
    XTEST
default screen number:    0
number of screens:    1

screen #0:
  dimensions:    3600x1080 pixels (953x286 millimeters)
  resolution:    96x96 dots per inch
  depths (7):    24, 1, 4, 8, 15, 16, 32
  root window id:    0xf3
  depth of root window:    24 planes
  number of colormaps:    minimum 1, maximum 1
  default colormap:    0x20
  default number of colormap cells:    256
  preallocated pixels:    black 0, white 16777215
  options:    backing-store WHEN MAPPED, save-unders NO
  largest cursor:    32x32
  current input event mask:    0x484034
    ButtonPressMask          EnterWindowMask          LeaveWindowMask          
    KeymapStateMask          SubstructureNotifyMask   PropertyChangeMask       
  number of visuals:    72
  default visual id:  0x21
  visual:
    visual id:    0x21
    class:    TrueColor
    depth:    24 planes
    available colormap entries:    256 per subfield
    red, green, blue masks:    0xff0000, 0xff00, 0xff
    significant bits in color specification:    8 bits
  visual:
    visual id:    0xac
    class:    TrueColor
    depth:    24 planes
    available colormap entries:    256 per subfield
    red, green, blue masks:    0xff0000, 0xff00, 0xff
    significant bits in color specification:    8 bits
  visual:
    visual id:    0xad
    class:    TrueColor
    depth:    24 planes
    available colormap entries:    256 per subfield
    red, green, blue masks:    0xff0000, 0xff00, 0xff
    significant bits in color specification:    8 bits
  visual:
    visual id:    0xae
    class:    TrueColor
    depth:    24 planes
    available colormap entries:    256 per subfield
    red, green, blue masks:    0xff0000, 0xff00, 0xff
    significant bits in color specification:    8 bits
  visual:
    visual id:    0xaf
    class:    TrueColor
    depth:    24 planes
    available colormap entries:    256 per subfield
    red, green, blue masks:    0xff0000, 0xff00, 0xff
    significant bits in color specification:    8 bits
  visual:
    visual id:    0xb0
    class:    TrueColor
    depth:    24 planes
    available colormap entries:    256 per subfield
    red, green, blue masks:    0xff0000, 0xff00, 0xff
    significant bits in color specification:    8 bits
  visual:
    visual id:    0xb1
    class:    TrueColor
    depth:    24 planes
    available colormap entries:    256 per subfield
    red, green, blue masks:    0xff0000, 0xff00, 0xff
    significant bits in color specification:    8 bits
  visual:
    visual id:    0xb2
    class:    TrueColor
    depth:    24 planes
    available colormap entries:    256 per subfield
    red, green, blue masks:    0xff0000, 0xff00, 0xff
    significant bits in color specification:    8 bits
  visual:
    visual id:    0xb3
    class:    TrueColor
    depth:    24 planes
    available colormap entries:    256 per subfield
    red, green, blue masks:    0xff0000, 0xff00, 0xff
    significant bits in color specification:    8 bits
  visual:
    visual id:    0xb4
    class:    TrueColor
    depth:    24 planes
    available colormap entries:    256 per subfield
    red, green, blue masks:    0xff0000, 0xff00, 0xff
    significant bits in color specification:    8 bits
  visual:
    visual id:    0xb5
    class:    TrueColor
    depth:    24 planes
    available colormap entries:    256 per subfield
    red, green, blue masks:    0xff0000, 0xff00, 0xff
    significant bits in color specification:    8 bits
  visual:
    visual id:    0xb6
    class:    TrueColor
    depth:    24 planes
    available colormap entries:    256 per subfield
    red, green, blue masks:    0xff0000, 0xff00, 0xff
    significant bits in color specification:    8 bits
  visual:
    visual id:    0xb7
    class:    TrueColor
    depth:    24 planes
    available colormap entries:    256 per subfield
    red, green, blue masks:    0xff0000, 0xff00, 0xff
    significant bits in color specification:    8 bits
  visual:
    visual id:    0xb8
    class:    TrueColor
    depth:    24 planes
    available colormap entries:    256 per subfield
    red, green, blue masks:    0xff0000, 0xff00, 0xff
    significant bits in color specification:    8 bits
  visual:
    visual id:    0xb9
    class:    TrueColor
    depth:    24 planes
    available colormap entries:    256 per subfield
    red, green, blue masks:    0xff0000, 0xff00, 0xff
    significant bits in color specification:    8 bits
  visual:
    visual id:    0xba
    class:    TrueColor
    depth:    24 planes
    available colormap entries:    256 per subfield
    red, green, blue masks:    0xff0000, 0xff00, 0xff
    significant bits in color specification:    8 bits
  visual:
    visual id:    0xbb
    class:    TrueColor
    depth:    24 planes
    available colormap entries:    256 per subfield
    red, green, blue masks:    0xff0000, 0xff00, 0xff
    significant bits in color specification:    8 bits
  visual:
    visual id:    0xbc
    class:    TrueColor
    depth:    24 planes
    available colormap entries:    256 per subfield
    red, green, blue masks:    0xff0000, 0xff00, 0xff
    significant bits in color specification:    8 bits
  visual:
    visual id:    0xbd
    class:    TrueColor
    depth:    24 planes
    available colormap entries:    256 per subfield
    red, green, blue masks:    0xff0000, 0xff00, 0xff
    significant bits in color specification:    8 bits
  visual:
    visual id:    0xbe
    class:    TrueColor
    depth:    24 planes
    available colormap entries:    256 per subfield
    red, green, blue masks:    0xff0000, 0xff00, 0xff
    significant bits in color specification:    8 bits
  visual:
    visual id:    0xbf
    class:    TrueColor
    depth:    24 planes
    available colormap entries:    256 per subfield
    red, green, blue masks:    0xff0000, 0xff00, 0xff
    significant bits in color specification:    8 bits
  visual:
    visual id:    0xc0
    class:    TrueColor
    depth:    24 planes
    available colormap entries:    256 per subfield
    red, green, blue masks:    0xff0000, 0xff00, 0xff
    significant bits in color specification:    8 bits
  visual:
    visual id:    0xc1
    class:    TrueColor
    depth:    24 planes
    available colormap entries:    256 per subfield
    red, green, blue masks:    0xff0000, 0xff00, 0xff
    significant bits in color specification:    8 bits
  visual:
    visual id:    0xc2
    class:    TrueColor
    depth:    24 planes
    available colormap entries:    256 per subfield
    red, green, blue masks:    0xff0000, 0xff00, 0xff
    significant bits in color specification:    8 bits
  visual:
    visual id:    0xc3
    class:    TrueColor
    depth:    24 planes
    available colormap entries:    256 per subfield
    red, green, blue masks:    0xff0000, 0xff00, 0xff
    significant bits in color specification:    8 bits
  visual:
    visual id:    0xc4
    class:    TrueColor
    depth:    24 planes
    available colormap entries:    256 per subfield
    red, green, blue masks:    0xff0000, 0xff00, 0xff
    significant bits in color specification:    8 bits
  visual:
    visual id:    0xc5
    class:    TrueColor
    depth:    24 planes
    available colormap entries:    256 per subfield
    red, green, blue masks:    0xff0000, 0xff00, 0xff
    significant bits in color specification:    8 bits
  visual:
    visual id:    0xc6
    class:    TrueColor
    depth:    24 planes
    available colormap entries:    256 per subfield
    red, green, blue masks:    0xff0000, 0xff00, 0xff
    significant bits in color specification:    8 bits
  visual:
    visual id:    0xc7
    class:    TrueColor
    depth:    24 planes
    available colormap entries:    256 per subfield
    red, green, blue masks:    0xff0000, 0xff00, 0xff
    significant bits in color specification:    8 bits
  visual:
    visual id:    0xc8
    class:    TrueColor
    depth:    24 planes
    available colormap entries:    256 per subfield
    red, green, blue masks:    0xff0000, 0xff00, 0xff
    significant bits in color specification:    8 bits
  visual:
    visual id:    0xc9
    class:    TrueColor
    depth:    24 planes
    available colormap entries:    256 per subfield
    red, green, blue masks:    0xff0000, 0xff00, 0xff
    significant bits in color specification:    8 bits
  visual:
    visual id:    0xca
    class:    TrueColor
    depth:    24 planes
    available colormap entries:    256 per subfield
    red, green, blue masks:    0xff0000, 0xff00, 0xff
    significant bits in color specification:    8 bits
  visual:
    visual id:    0xcb
    class:    DirectColor
    depth:    24 planes
    available colormap entries:    256 per subfield
    red, green, blue masks:    0xff0000, 0xff00, 0xff
    significant bits in color specification:    8 bits
  visual:
    visual id:    0xcc
    class:    DirectColor
    depth:    24 planes
    available colormap entries:    256 per subfield
    red, green, blue masks:    0xff0000, 0xff00, 0xff
    significant bits in color specification:    8 bits
  visual:
    visual id:    0xcd
    class:    DirectColor
    depth:    24 planes
    available colormap entries:    256 per subfield
    red, green, blue masks:    0xff0000, 0xff00, 0xff
    significant bits in color specification:    8 bits
  visual:
    visual id:    0xce
    class:    DirectColor
    depth:    24 planes
    available colormap entries:    256 per subfield
    red, green, blue masks:    0xff0000, 0xff00, 0xff
    significant bits in color specification:    8 bits
  visual:
    visual id:    0xcf
    class:    DirectColor
    depth:    24 planes
    available colormap entries:    256 per subfield
    red, green, blue masks:    0xff0000, 0xff00, 0xff
    significant bits in color specification:    8 bits
  visual:
    visual id:    0xd0
    class:    DirectColor
    depth:    24 planes
    available colormap entries:    256 per subfield
    red, green, blue masks:    0xff0000, 0xff00, 0xff
    significant bits in color specification:    8 bits
  visual:
    visual id:    0xd1
    class:    DirectColor
    depth:    24 planes
    available colormap entries:    256 per subfield
    red, green, blue masks:    0xff0000, 0xff00, 0xff
    significant bits in color specification:    8 bits
  visual:
    visual id:    0xd2
    class:    DirectColor
    depth:    24 planes
    available colormap entries:    256 per subfield
    red, green, blue masks:    0xff0000, 0xff00, 0xff
    significant bits in color specification:    8 bits
  visual:
    visual id:    0xd3
    class:    DirectColor
    depth:    24 planes
    available colormap entries:    256 per subfield
    red, green, blue masks:    0xff0000, 0xff00, 0xff
    significant bits in color specification:    8 bits
  visual:
    visual id:    0xd4
    class:    DirectColor
    depth:    24 planes
    available colormap entries:    256 per subfield
    red, green, blue masks:    0xff0000, 0xff00, 0xff
    significant bits in color specification:    8 bits
  visual:
    visual id:    0xd5
    class:    DirectColor
    depth:    24 planes
    available colormap entries:    256 per subfield
    red, green, blue masks:    0xff0000, 0xff00, 0xff
    significant bits in color specification:    8 bits
  visual:
    visual id:    0xd6
    class:    DirectColor
    depth:    24 planes
    available colormap entries:    256 per subfield
    red, green, blue masks:    0xff0000, 0xff00, 0xff
    significant bits in color specification:    8 bits
  visual:
    visual id:    0xd7
    class:    DirectColor
    depth:    24 planes
    available colormap entries:    256 per subfield
    red, green, blue masks:    0xff0000, 0xff00, 0xff
    significant bits in color specification:    8 bits
  visual:
    visual id:    0xd8
    class:    DirectColor
    depth:    24 planes
    available colormap entries:    256 per subfield
    red, green, blue masks:    0xff0000, 0xff00, 0xff
    significant bits in color specification:    8 bits
  visual:
    visual id:    0xd9
    class:    DirectColor
    depth:    24 planes
    available colormap entries:    256 per subfield
    red, green, blue masks:    0xff0000, 0xff00, 0xff
    significant bits in color specification:    8 bits
  visual:
    visual id:    0xda
    class:    DirectColor
    depth:    24 planes
    available colormap entries:    256 per subfield
    red, green, blue masks:    0xff0000, 0xff00, 0xff
    significant bits in color specification:    8 bits
  visual:
    visual id:    0xdb
    class:    DirectColor
    depth:    24 planes
    available colormap entries:    256 per subfield
    red, green, blue masks:    0xff0000, 0xff00, 0xff
    significant bits in color specification:    8 bits
  visual:
    visual id:    0xdc
    class:    DirectColor
    depth:    24 planes
    available colormap entries:    256 per subfield
    red, green, blue masks:    0xff0000, 0xff00, 0xff
    significant bits in color specification:    8 bits
  visual:
    visual id:    0xdd
    class:    DirectColor
    depth:    24 planes
    available colormap entries:    256 per subfield
    red, green, blue masks:    0xff0000, 0xff00, 0xff
    significant bits in color specification:    8 bits
  visual:
    visual id:    0xde
    class:    DirectColor
    depth:    24 planes
    available colormap entries:    256 per subfield
    red, green, blue masks:    0xff0000, 0xff00, 0xff
    significant bits in color specification:    8 bits
  visual:
    visual id:    0xdf
    class:    DirectColor
    depth:    24 planes
    available colormap entries:    256 per subfield
    red, green, blue masks:    0xff0000, 0xff00, 0xff
    significant bits in color specification:    8 bits
  visual:
    visual id:    0xe0
    class:    DirectColor
    depth:    24 planes
    available colormap entries:    256 per subfield
    red, green, blue masks:    0xff0000, 0xff00, 0xff
    significant bits in color specification:    8 bits
  visual:
    visual id:    0xe1
    class:    DirectColor
    depth:    24 planes
    available colormap entries:    256 per subfield
    red, green, blue masks:    0xff0000, 0xff00, 0xff
    significant bits in color specification:    8 bits
  visual:
    visual id:    0xe2
    class:    DirectColor
    depth:    24 planes
    available colormap entries:    256 per subfield
    red, green, blue masks:    0xff0000, 0xff00, 0xff
    significant bits in color specification:    8 bits
  visual:
    visual id:    0xe3
    class:    DirectColor
    depth:    24 planes
    available colormap entries:    256 per subfield
    red, green, blue masks:    0xff0000, 0xff00, 0xff
    significant bits in color specification:    8 bits
  visual:
    visual id:    0xe4
    class:    DirectColor
    depth:    24 planes
    available colormap entries:    256 per subfield
    red, green, blue masks:    0xff0000, 0xff00, 0xff
    significant bits in color specification:    8 bits
  visual:
    visual id:    0xe5
    class:    DirectColor
    depth:    24 planes
    available colormap entries:    256 per subfield
    red, green, blue masks:    0xff0000, 0xff00, 0xff
    significant bits in color specification:    8 bits
  visual:
    visual id:    0xe6
    class:    DirectColor
    depth:    24 planes
    available colormap entries:    256 per subfield
    red, green, blue masks:    0xff0000, 0xff00, 0xff
    significant bits in color specification:    8 bits
  visual:
    visual id:    0xe7
    class:    DirectColor
    depth:    24 planes
    available colormap entries:    256 per subfield
    red, green, blue masks:    0xff0000, 0xff00, 0xff
    significant bits in color specification:    8 bits
  visual:
    visual id:    0xe8
    class:    DirectColor
    depth:    24 planes
    available colormap entries:    256 per subfield
    red, green, blue masks:    0xff0000, 0xff00, 0xff
    significant bits in color specification:    8 bits
  visual:
    visual id:    0xe9
    class:    DirectColor
    depth:    24 planes
    available colormap entries:    256 per subfield
    red, green, blue masks:    0xff0000, 0xff00, 0xff
    significant bits in color specification:    8 bits
  visual:
    visual id:    0xea
    class:    DirectColor
    depth:    24 planes
    available colormap entries:    256 per subfield
    red, green, blue masks:    0xff0000, 0xff00, 0xff
    significant bits in color specification:    8 bits
  visual:
    visual id:    0x43
    class:    TrueColor
    depth:    32 planes
    available colormap entries:    256 per subfield
    red, green, blue masks:    0xff0000, 0xff00, 0xff
    significant bits in color specification:    8 bits
  visual:
    visual id:    0xeb
    class:    TrueColor
    depth:    32 planes
    available colormap entries:    256 per subfield
    red, green, blue masks:    0xff0000, 0xff00, 0xff
    significant bits in color specification:    8 bits
  visual:
    visual id:    0xec
    class:    TrueColor
    depth:    32 planes
    available colormap entries:    256 per subfield
    red, green, blue masks:    0xff0000, 0xff00, 0xff
    significant bits in color specification:    8 bits
  visual:
    visual id:    0xed
    class:    TrueColor
    depth:    32 planes
    available colormap entries:    256 per subfield
    red, green, blue masks:    0xff0000, 0xff00, 0xff
    significant bits in color specification:    8 bits
  visual:
    visual id:    0xee
    class:    TrueColor
    depth:    32 planes
    available colormap entries:    256 per subfield
    red, green, blue masks:    0xff0000, 0xff00, 0xff
    significant bits in color specification:    8 bits
  visual:
    visual id:    0xef
    class:    TrueColor
    depth:    32 planes
    available colormap entries:    256 per subfield
    red, green, blue masks:    0xff0000, 0xff00, 0xff
    significant bits in color specification:    8 bits
  visual:
    visual id:    0xf0
    class:    TrueColor
    depth:    32 planes
    available colormap entries:    256 per subfield
    red, green, blue masks:    0xff0000, 0xff00, 0xff
    significant bits in color specification:    8 bits
  visual:
    visual id:    0xf1
    class:    TrueColor
    depth:    32 planes
    available colormap entries:    256 per subfield
    red, green, blue masks:    0xff0000, 0xff00, 0xff
    significant bits in color specification:    8 bits
-------------	end(xdpyinfo)     -------------
==========	Environment Variables	==========
REMOTEHOST=140.113.217.114
POWERVIEW_64=1
MANPATH=/usr/cad/synopsys/siliconsmart/2022.12/ncx/man:/usr/cad/synopsys/synthesis/2022.03/doc/syn/man:/usr/cad/synopsys/vcs/2022.06/doc/man:/usr/cad/synopsys/lc/2022.03/doc/lc/man:/usr/cad/synopsys/star-rcxt/2019.12-sp5-3//starrc/man
SYNOPSYS_LC_ROOT=/cad/synopsys/lc/cur
NOVAS_USE_VERDI_LICENSE=1
XDG_SESSION_ID=36226
TMIARCH=RH_64
HOSTNAME=ee24
XLOCALEDIR=/usr/cad/synopsys/icc2/2021.06-sp5//etc/locale
XKEYSYMDB=/usr/cad/synopsys/verdi/2019.06/etc/access/XKeysymDB2.1
SIGNAL_BASE_EXTRACTION=1
NOVAS_SYNC_MOTIF_DISP=
SHELL=/bin/tcsh
TERM=xterm
HOST=ee24
SSH_CLIENT=140.113.217.114 60465 415
NOVAS_VERDI_SVTB_ALPHA=1
SPS_FONT_PATH=/usr/cad/synopsys/verdi/2019.06/font
CDS_LOAD_ENV=CSF
QTDIR=/usr/lib64/qt-3.3
HSP_GCC_VERSION=7.3.0
MGC_LOCATION_MAP=NO_MAP
SPS_XFONT_PATH=/usr/cad/synopsys/verdi/2019.06/XFont
QTINC=/usr/lib64/qt-3.3/include
SSH_TTY=/dev/pts/16
LC_ALL=C
QT_GRAPHICSSYSTEM_CHECKED=1
SPAPI_AHDL_INCLUDE=/RAID2/cad/synopsys/hspice/2020.03-sp2-2/hspice/include
USER=es26mcs068
GROUP=es26mcs
HSP_HOME=/RAID2/cad/synopsys/hspice/2020.03-sp2-2/hspice
PS_HWPC=OFF
LS_COLORS=rs=0:di=01;34:ln=01;36:mh=00:pi=40;33:so=01;35:do=01;35:bd=40;33;01:cd=40;33;01:or=40;31;01:mi=01;05;37;41:su=37;41:sg=30;43:ca=30;41:tw=30;42:ow=34;42:st=37;44:ex=01;32:*.tar=01;31:*.tgz=01;31:*.arc=01;31:*.arj=01;31:*.taz=01;31:*.lha=01;31:*.lz4=01;31:*.lzh=01;31:*.lzma=01;31:*.tlz=01;31:*.txz=01;31:*.tzo=01;31:*.t7z=01;31:*.zip=01;31:*.z=01;31:*.Z=01;31:*.dz=01;31:*.gz=01;31:*.lrz=01;31:*.lz=01;31:*.lzo=01;31:*.xz=01;31:*.bz2=01;31:*.bz=01;31:*.tbz=01;31:*.tbz2=01;31:*.tz=01;31:*.deb=01;31:*.rpm=01;31:*.jar=01;31:*.war=01;31:*.ear=01;31:*.sar=01;31:*.rar=01;31:*.alz=01;31:*.ace=01;31:*.zoo=01;31:*.cpio=01;31:*.7z=01;31:*.rz=01;31:*.cab=01;31:*.jpg=01;35:*.jpeg=01;35:*.gif=01;35:*.bmp=01;35:*.pbm=01;35:*.pgm=01;35:*.ppm=01;35:*.tga=01;35:*.xbm=01;35:*.xpm=01;35:*.tif=01;35:*.tiff=01;35:*.png=01;35:*.svg=01;35:*.svgz=01;35:*.mng=01;35:*.pcx=01;35:*.mov=01;35:*.mpg=01;35:*.mpeg=01;35:*.m2v=01;35:*.mkv=01;35:*.webm=01;35:*.ogm=01;35:*.mp4=01;35:*.m4v=01;35:*.mp4v=01;35:*.vob=01;35:*.qt=01;35:*.nuv=01;35:*.wmv=01;35:*.asf=01;35:*.rm=01;35:*.rmvb=01;35:*.flc=01;35:*.avi=01;35:*.fli=01;35:*.flv=01;35:*.gl=01;35:*.dl=01;35:*.xcf=01;35:*.xwd=01;35:*.yuv=01;35:*.cgm=01;35:*.emf=01;35:*.axv=01;35:*.anx=01;35:*.ogv=01;35:*.ogx=01;35:*.aac=01;36:*.au=01;36:*.flac=01;36:*.mid=01;36:*.midi=01;36:*.mka=01;36:*.mp3=01;36:*.mpc=01;36:*.ogg=01;36:*.ra=01;36:*.wav=01;36:*.axa=01;36:*.oga=01;36:*.spx=01;36:*.xspf=01;36:
LD_LIBRARY_PATH=/usr/cad/synopsys/verdi/2019.06/platform/LINUXAMD64/bin:/usr/cad/synopsys/verdi/2019.06/platform/LINUXAMD64/lib/Qt:/usr/cad/synopsys/verdi/2019.06/platform/LINUXAMD64/lib/tbb:/usr/cad/synopsys/verdi/2019.06/etc/lib/libstdc++/LINUXAMD64:/usr/cad/synopsys/verdi/2019.06/share/NPI/lib/LINUXAMD64:/RAID2/cad/synopsys/verdi/cur/share/PLI/IUS/linux64/boot:/RAID2/cad/synopsys/verdi/cur/share/PLI/lib/linux64
XNLSPATH=/usr/cad/synopsys/verdi/2019.06/etc/access/nls
TCL_LIBRARY=/usr/cad/synopsys/verdi/2019.06/etc/access/tcl86_library
HOSTTYPE=x86_64-linux
installdir=/RAID2/cad/synopsys/hspice/2020.03-sp2-2/hspice
MALLOC_ARENA_MAX=1
CMIARCH=RH_64
SYNOPSYS_NCX_ROOT=/usr/cad/synopsys/star-rcxt/2019.12-sp5-3/
VC_STATIC_HOME=/usr/cad/synopsys/vc_formal/cur/
NOVAS_TCL_LIBRARY=/usr/cad/synopsys/verdi/2019.06/etc/access/tcl86_library
NOVAS_VERDI_SVTB_BETA=1
PATH=/bin:/RAID2/cad/MATLAB/bin/:/opt/btop/bin/:/RAID2/cad/Xilinx/Vivado/2020.2/bin:/RAID2/eda/jasper_2021.03//bin:/usr/cad/synopsys/cosmos_scope/cur/ai_bin:/usr/cad/synopsys/spyglass/2023.03//SPYGLASS_HOME/bin:/usr/cad/synopsys/icc/2022.03/amd64/syn/bin:/usr/cad/synopsys/primetime/2019.03-sp5-1//amd64/syn/bin:/usr/cad/synopsys/fc/2022.03/bin:/usr/cad/synopsys/lc/2022.03/bin:/usr/cad/synopsys/vc_formal/cur/bin:/usr/cad/synopsys/vcs/2022.06/amd64/bin:/usr/cad/synopsys/verdi/2019.06//bin:/usr/cad/synopsys/synthesis/2022.03/amd64/syn/bin:/cad/synopsys/lc/cur/bin:/usr/cad/cadence/SPECTRE/SPECTRE_19.10.322//tools/bin/64bit:/usr/cad/cadence/SPECTRE/SPECTRE_19.10.322//tools/dfII/bin/64bit:/usr/cad/cadence/SPECTRE/SPECTRE_19.10.322//tools/bin:/usr/cad/cadence/SPECTRE/SPECTRE_19.10.322//tools/dfII/bin:/usr/cad/cadence/SSV/SSV_21.12.000//tools/bin/64bit:/usr/cad/cadence/SSV/SSV_21.12.000//tools/bin:/usr/cad/cadence/QUANTUS/QUANTUS_21.11.000//tools/bin/64bit:/usr/cad/cadence/QUANTUS/QUANTUS_21.11.000//tools/bin:/usr/cad/cadence/PEGASUS/PEGASUS_21.20.000//tools/bin/64bit:/usr/cad/cadence/PEGASUS/PEGASUS_21.20.000//tools/bin:/usr/cad/cadence/JASPER/jasper_2023.09p001/bin:/usr/cad/cadence/INNOVUS/INNOVUS_20.15.000/tools/bin/64bit:/usr/cad/cadence/INNOVUS/INNOVUS_20.15.000/tools/bin:/usr/cad/cadence/INCISIV/INCISIVE_15.20.084/tools/bin/64bit:/usr/cad/cadence/INCISIV/INCISIVE_15.20.084/tools/bin:/usr/cad/cadence/XCELIUM/XCELIUM_22.03.003/tools/bin/64bit:/usr/cad/cadence/XCELIUM/XCELIUM_22.03.003/tools/bin:/usr/cad/cadence/GENUS/GENUS_20.10.000/tools/bin/64bit:/usr/cad/cadence/GENUS/GENUS_20.10.000/tools/bin:/usr/cad/mentor/Tessent/cur/bin:/usr/cad/mentor/calibre/aoi_cal_2019.2_26.18//bin:/usr/cad/synopsys/laker_oa/2021.06//bin:/usr/cad/synopsys/customexplorer/2022.06//bin:/usr/cad/synopsys/customcompiler/2020.12-sp1-2//bin:/usr/cad/synopsys/customcompiler/2020.12-sp1-2//primewave/bin:/usr/cad/synopsys/siliconsmart/2022.12/bin:/usr/cad/synopsys/xa/2022.06//bin:/usr/cad/synopsys/finesim/2022.06//bin:/RAID2/cad/synopsys/hspice/2020.03-sp2-2/hspice/bin:/RAID2/cad/synopsys/hspice/2020.03-sp2-2/hspice/GNU/linux64/gcc/bin:/RAID2/cad/synopsys/hspice/2020.03-sp2-2/hspice/linux64:/usr/bin:/usr/ucb/bin:/usr/cad/synopsys/hspice/2020.03-sp2-2//hspice/bin:/usr/cad/cadence/LIBERATE/LIBREATE_21.72.187/tools.lnx86/bin/64bit:/usr/cad/cadence/LIBERATE/LIBREATE_21.72.187/tools.lnx86/bin:/usr/cad/cadence/IC/IC_06.18.250/tools/bin:/usr/cad/cadence/IC/IC_06.18.250/tools/dracula/bin:/usr/cad/cadence/IC/IC_06.18.250/tools/dfII/bin:/usr/cad/cadence/IC/IC_06.18.250/tools/bin/64bit:/usr/cad/cadence/IC/IC_06.18.250/tools/dracula/bin/64bit:/usr/cad/cadence/IC/IC_06.18.250/tools/dfII/bin/64bit:/usr/lib64/qt-3.3/bin:/usr/local/bin:/usr/bin:/usr/local/sbin:/usr/sbin:/usr/sbin/:/usr/sbin/:/RAID2/Tool/bin/
MAIL=/var/spool/mail/es26mcs068
CALIBRE_HOME=/usr/cad/mentor/calibre/aoi_cal_2019.2_26.18/
VERDI_HOME=/usr/cad/synopsys/verdi/2019.06/
PWD=/RAID2/COURSE/2026_Spring/es26mcs/es26mcs068/lab2
VCS_HOME=/usr/cad/synopsys/vcs/2022.06
XMODIFIERS=@im=none
SYS_PROG_NAME=nWave
LANG=C
Laker_TCL_ToolBox=1
VERDI_TB_HT=1
FINESIM_64=1
FINEWAVE_64=1
CDSHOME=/usr/cad/cadence/IC/IC_06.18.250
VCS_CC=gcc
USE_VERDI_LICENSE=1
CDS_Netlisting_Mode=Analog
LM_LICENSE_FILE=26585@lshc:5280@lshc:1717@lshc:5280@lstc:26585@lstc:1717@lstc
SYNOPSYS=/usr/cad/synopsys/synthesis/cur/
SYS_INST_DIR=/usr/cad/synopsys/verdi/2019.06
SSH_ASKPASS=/usr/libexec/openssh/gnome-ssh-askpass
VCS_LIC_EXPIRE_WARNING=0
HOME=/RAID2/COURSE/2026_Spring/es26mcs/es26mcs068
SHLVL=3
HSP_GCC=/RAID2/cad/synopsys/hspice/2020.03-sp2-2/hspice/GNU/linux64/gcc/bin/gcc -m64 
OSTYPE=linux
Laker_TCL_L3=1
MGC_HOME=/usr/cad/mentor/calibre/aoi_cal_2019.2_26.18/
CDS_AUTO_64BIT=ALL
ICV_HOME_DIR=/usr/cad/synopsys/icvalidator/2021.06-sp2/
VERDI_ORIGNAL_LD_LIBRARY_PATH=/RAID2/cad/synopsys/verdi/cur/share/PLI/IUS/linux64/boot:/RAID2/cad/synopsys/verdi/cur/share/PLI/lib/linux64
VERDI_SVTB_ALPHA=1
SNPS_64=1
VENDOR=unknown
HSP_SIGMA_AMP=/RAID2/cad/synopsys/hspice/2020.03-sp2-2/hspice/linux64/python/Omega/Omega
SNPS_PLATFORM=linux64
MGC_TMPDIR=/tmp
LOGNAME=es26mcs068
MACHTYPE=x86_64
QTLIB=/usr/lib64/qt-3.3/lib
MGLS_LICENSE_FILE=1717@lshc
VERDI_SVTB_BETA=1
SSH_CONNECTION=140.113.217.114 60465 140.113.228.24 415
mraarch=linux_64
SPS_RGB_PATH=/usr/cad/synopsys/verdi/2019.06/etc/rgb
NOVASHLPPATH=/usr/cad/synopsys/verdi/2019.06/doc
NOVAS_LC_ALL=C
LESSOPEN=||/usr/bin/lesspipe.sh %s
ARCH=linux64
SHLIB_PATH=/usr/cad/synopsys/verdi/2019.06//etc/lib/libstdc++/LINUX64/:/usr/cad/synopsys/verdi/2019.06//share/PLI/lib/LINUX64/:/usr/cad/synopsys/verdi/2019.06//share/PLI/VCS/LINUX64/:
JGOLD_dir=/RAID2/eda/jasper_2021.03/
CDPL_HOME=/RAID2/cad/synopsys/hspice/2020.03-sp2-2/hspice/cdpl
DISPLAY=localhost:21.0
XDG_RUNTIME_DIR=/run/user/20468
LD_NOVERSION=1
SYN_MAN_DIR=/usr/cad/synopsys/star-rcxt/2019.12-sp5-3//starrc/man
QT_PLUGIN_PATH=/usr/cad/synopsys/verdi/2019.06/platform/LINUXAMD64/lib/Qt/plugins
NOVAS_SIGNAL_BASE_EXTRACTION=1
NOVAS_VERDI_TB_HT=1
_=/usr/cad/synopsys/verdi/2019.06/etc/access/sysinfo.sh
-------------	end(env)     -------------
==========	ps	    ==========
   PID TTY          TIME CMD
 50066 pts/16   00:00:00 tcsh
101685 pts/16   00:00:00 sh
101686 pts/16   00:00:00 make
101687 pts/16   00:00:16 common_shell_ex
150858 pts/16   00:00:03 Novas
150921 pts/16   00:00:00 sysinfo.sh
150935 pts/16   00:00:00 ps
-------------	end(ps)     -------------
==========       cat /proc/meminfo        ==========
MemTotal:       1056530580 kB
MemFree:        441204592 kB
MemAvailable:   579308400 kB
Buffers:            1244 kB
Cached:         136314248 kB
SwapCached:            0 kB
Active:         490100824 kB
Inactive:       104268760 kB
Active(anon):   458329380 kB
Inactive(anon):   297296 kB
Active(file):   31771444 kB
Inactive(file): 103971464 kB
Unevictable:          32 kB
Mlocked:              32 kB
SwapTotal:       4194300 kB
SwapFree:        4194300 kB
Dirty:              2760 kB
Writeback:           700 kB
AnonPages:      458004940 kB
Mapped:          1086496 kB
Shmem:            571748 kB
Slab:            8054924 kB
SReclaimable:    4883832 kB
SUnreclaim:      3171092 kB
KernelStack:      139840 kB
PageTables:      1042996 kB
NFS_Unstable:      88272 kB
Bounce:                0 kB
WritebackTmp:          0 kB
CommitLimit:    532459588 kB
Committed_AS:   483346308 kB
VmallocTotal:   34359738367 kB
VmallocUsed:     2051884 kB
VmallocChunk:   33285400572 kB
Percpu:           122880 kB
HardwareCorrupted:     0 kB
AnonHugePages:  416598016 kB
CmaTotal:              0 kB
CmaFree:               0 kB
HugePages_Total:       0
HugePages_Free:        0
HugePages_Rsvd:        0
HugePages_Surp:        0
Hugepagesize:       2048 kB
DirectMap4k:      586124 kB
DirectMap2M:    12898304 kB
DirectMap1G:    1060110336 kB
-------------	     end(cat /proc/meminfo)      -------------
==========       show OS patch level     ==========
\S
Kernel \r on an \m

-------------    end(show OS patch level)      -------------
=========       uptime      ==========
 16:41:14 up 12 days, 21:48, 11 users,  load average: 3.23, 2.91, 2.51
------------    end(uptime)    -------------
=========       locale       ==========
LANG=C
LC_CTYPE="C"
LC_NUMERIC="C"
LC_TIME="C"
LC_COLLATE="C"
LC_MONETARY="C"
LC_MESSAGES="C"
LC_PAPER="C"
LC_NAME="C"
LC_ADDRESS="C"
LC_TELEPHONE="C"
LC_MEASUREMENT="C"
LC_IDENTIFICATION="C"
LC_ALL=C
------------    end(locale)    -------------
==========       ldd       ==========
ldd /usr/cad/synopsys/verdi/2019.06/platform/LINUXAMD64/bin/Novas
	linux-vdso.so.1 =>  (0x00007ffd751e2000)
	libdl.so.2 => /lib64/libdl.so.2 (0x00007f9a4518f000)
	libvfs.so => /usr/cad/synopsys/verdi/2019.06/platform/LINUXAMD64/bin/libvfs.so (0x00007f9a44e80000)
	libfreetype.so.6 => /lib64/libfreetype.so.6 (0x00007f9a44bc1000)
	libQtSolutions_MotifExtension-2.7.so.1 => /usr/cad/synopsys/verdi/2019.06/platform/LINUXAMD64/lib/Qt/libQtSolutions_MotifExtension-2.7.so.1 (0x00007f9a449ab000)
	libQtGui.so.4 => /usr/cad/synopsys/verdi/2019.06/platform/LINUXAMD64/lib/Qt/libQtGui.so.4 (0x00007f9a43e07000)
	libQtCore.so.4 => /usr/cad/synopsys/verdi/2019.06/platform/LINUXAMD64/lib/Qt/libQtCore.so.4 (0x00007f9a4396e000)
	libQtXml.so.4 => /usr/cad/synopsys/verdi/2019.06/platform/LINUXAMD64/lib/Qt/libQtXml.so.4 (0x00007f9a43734000)
	libQtWebKit.so.4 => /usr/cad/synopsys/verdi/2019.06/platform/LINUXAMD64/lib/Qt/libQtWebKit.so.4 (0x00007f9a41e23000)
	libQtNetwork.so.4 => /usr/cad/synopsys/verdi/2019.06/platform/LINUXAMD64/lib/Qt/libQtNetwork.so.4 (0x00007f9a41b15000)
	libQt3Support.so.4 => /usr/cad/synopsys/verdi/2019.06/platform/LINUXAMD64/lib/Qt/libQt3Support.so.4 (0x00007f9a41675000)
	libQtSql.so.4 => /usr/cad/synopsys/verdi/2019.06/platform/LINUXAMD64/lib/Qt/libQtSql.so.4 (0x00007f9a4143f000)
	libsimprofile_verdi.so => /usr/cad/synopsys/verdi/2019.06/platform/LINUXAMD64/bin/libsimprofile_verdi.so (0x00007f9a41087000)
	libstdc++.so.6 => /usr/cad/synopsys/verdi/2019.06/etc/lib/libstdc++/LINUXAMD64/libstdc++.so.6 (0x00007f9a40d06000)
	libtbb.so.2 => /usr/cad/synopsys/verdi/2019.06/platform/LINUXAMD64/bin/libtbb.so.2 (0x00007f9a45445000)
	libXss.so.1 => /lib64/libXss.so.1 (0x00007f9a40b02000)
	libXft.so.2 => /lib64/libXft.so.2 (0x00007f9a408ec000)
	libXt.so.6 => /lib64/libXt.so.6 (0x00007f9a40685000)
	libXmu.so.6 => /lib64/libXmu.so.6 (0x00007f9a4046a000)
	libX11.so.6 => /lib64/libX11.so.6 (0x00007f9a4012c000)
	libXext.so.6 => /lib64/libXext.so.6 (0x00007f9a3ff1a000)
	libfontconfig.so.1 => /lib64/libfontconfig.so.1 (0x00007f9a3fcd8000)
	libnsl.so.1 => /lib64/libnsl.so.1 (0x00007f9a3fabe000)
	libnuma.so.1 => /lib64/libnuma.so.1 (0x00007f9a3f8b2000)
	libpthread.so.0 => /lib64/libpthread.so.0 (0x00007f9a3f696000)
	librt.so.1 => /lib64/librt.so.1 (0x00007f9a3f48e000)
	libpng12.so.0 => /lib64/libpng12.so.0 (0x00007f9a3f267000)
	libm.so.6 => /lib64/libm.so.6 (0x00007f9a3ef65000)
	libc.so.6 => /lib64/libc.so.6 (0x00007f9a3eb97000)
	/lib64/ld-linux-x86-64.so.2 (0x00007f9a45393000)
	libz.so.1 => /lib64/libz.so.1 (0x00007f9a3e981000)
	libbz2.so.1 => /lib64/libbz2.so.1 (0x00007f9a3e771000)
	libpng15.so.15 => /lib64/libpng15.so.15 (0x00007f9a3e546000)
	libSM.so.6 => /lib64/libSM.so.6 (0x00007f9a3e33e000)
	libICE.so.6 => /lib64/libICE.so.6 (0x00007f9a3e122000)
	libgcc_s.so.1 => /usr/cad/synopsys/verdi/2019.06/etc/lib/libstdc++/LINUXAMD64/libgcc_s.so.1 (0x00007f9a3df0c000)
	libXrender.so.1 => /lib64/libXrender.so.1 (0x00007f9a3dd01000)
	libxcb.so.1 => /lib64/libxcb.so.1 (0x00007f9a3dad9000)
	libexpat.so.1 => /lib64/libexpat.so.1 (0x00007f9a3d8ae000)
	libuuid.so.1 => /lib64/libuuid.so.1 (0x00007f9a3d6a9000)
	libXau.so.6 => /lib64/libXau.so.6 (0x00007f9a3d4a5000)
-------------    end(ldd)      -------------
