### Custom WaveView ADV log file, revision T-2022.06 (build May 21, ) ###
### created at 19:09:51 on Thu Jun 18 2026 (Linux AMD64) ###
### Host Name: ee23   User ID: es26mcs068   PID: 151032   ###
wv_start_log
# (0) running in waveview only mode
# (0) SW_SX_PERL_LIB defined
# (0) SW_SX_TCL_LIB defined
# (0) HOME defined
wv_move_window {Custom WaveView} {} 138 161
wv_select_window {Custom WaveView} 
wv_move_window {Custom WaveView} {} 8 31
wv_press_tool_button {Custom WaveView} {} {RecentFile0} 
wv_expand_tree_item {Custom WaveView} {} {hierview} {D0:SRAM_2KB.tr0(0)} {+sep=@}
wv_select_tree_item {Custom WaveView} {} {hierview} {D0:SRAM_2KB.tr0(0)@toplevel(0)} {0} {+sep=@}
wv_move_window {Custom WaveView} {} 0 0
wv_select_window {Custom WaveView} 
wv_move_window {Custom WaveView} {} 8 31
wv_select_window {Custom WaveView} 
wv_press_tool_button {Custom WaveView} {} {OpenWaveformFile0} 
wv_select_dialog {FileDialog} 
wv_move_scrollbar {FileDialog} {} {FileList.HScrollBar} {98}
wv_select_list_item {FileDialog} {} {FileList} {SRAM_2KB.tr0} 11
wv_dclick_list_item {FileDialog} {} {FileList} {SRAM_2KB.tr0} 11
wv_expand_tree_item {Custom WaveView} {} {hierview} {D0:SRAM_2KB.tr0(1)} {+sep=@}
wv_select_tree_item {Custom WaveView} {} {hierview} {D0:SRAM_2KB.tr0(1)@toplevel(0)} {0} {+sep=@}
wv_select_list_item {Custom WaveView} {} {sigview} {power(vdd)} 0
wv_dclick_list_item {Custom WaveView} {} {sigview} {power(vdd)} 0
wv_move_window {Custom WaveView} {} 0 0
wv_move_window {Custom WaveView} {} 8 31
wv_select_window {Custom WaveView} 
wv_press_tool_button {Custom WaveView} {} {OpenWaveformFile0} 
wv_select_dialog {FileDialog} 
wv_move_scrollbar {FileDialog} {} {FileList.HScrollBar} {116}
wv_select_list_item {FileDialog} {} {FileList} {SRAM_2KB.tr0} 11
wv_select_list_item {FileDialog} {} {FileList} {SRAM_2KB.tr0} 11
wv_dclick_list_item {FileDialog} {} {FileList} {SRAM_2KB.tr0} 11
wv_expand_tree_item {Custom WaveView} {} {hierview} {D0:SRAM_2KB.tr0(2)} {+sep=@}
wv_select_tree_item {Custom WaveView} {} {hierview} {D0:SRAM_2KB.tr0(2)@toplevel(0)} {0} {+sep=@}
wv_select_list_item {Custom WaveView} {} {sigview} {v(q0_out)} 51
wv_drag_list_item {Custom WaveView} {} {sigview} {v(q10_out)} 52
wv_select_list_item {Custom WaveView} {} {sigview} {v(q10_out)} 52 +ctrl
wv_select_list_item {Custom WaveView} {} {sigview} {v(q11_out)} 53 +ctrl
wv_select_list_item {Custom WaveView} {} {sigview} {v(q12_out)} 54 +ctrl
wv_select_list_item {Custom WaveView} {} {sigview} {v(q13_out)} 55 +ctrl
wv_select_list_item {Custom WaveView} {} {sigview} {v(q14_out)} 56 +ctrl
wv_select_list_item {Custom WaveView} {} {sigview} {v(q15_out)} 57 +ctrl
wv_select_list_item {Custom WaveView} {} {sigview} {v(q1_out)} 58 +ctrl
wv_select_list_item {Custom WaveView} {} {sigview} {v(q2_out)} 59 +ctrl
wv_select_list_item {Custom WaveView} {} {sigview} {v(q3_out)} 60 +ctrl
wv_select_list_item {Custom WaveView} {} {sigview} {v(q4_out)} 61 +ctrl
wv_select_list_item {Custom WaveView} {} {sigview} {v(q5_out)} 62 +ctrl
wv_select_list_item {Custom WaveView} {} {sigview} {v(q6_out)} 63 +ctrl
wv_drag_list_item {Custom WaveView} {} {sigview} {v(q6_out)} 63 +ctrl
wv_select_list_item {Custom WaveView} {} {sigview} {v(q7_out)} 64 +ctrl
wv_select_list_item {Custom WaveView} {} {sigview} {v(q8_out)} 65 +ctrl
wv_select_list_item {Custom WaveView} {} {sigview} {v(q9_out)} 66 +ctrl
wv_select_waveview 1 {waveview 1}
wv_select_wv_item WV1.PANEL1:1.LINE1
wv_select_line WV1.PANEL1:1.LINE1
wv_select_waveview 1 {waveview 1}
wv_select_wv_item WV1.PANEL1:1.LEGEND
wv_select_panel WV1.PANEL1:1.LEGEND
wv_press_key Delete 305 212
wv_select_dialog {Confirmation} 
wv_press_button {Confirmation} {} {Ok} 
wv_drag_list_item {Custom WaveView} {} {sigview} {v(q0_out)} 51
wv_drag_enter WV1
wv_drop_on WV1
wv_select_waveview 1 {waveview 1}
wv_select_wv_item WV1.PANEL1:1.LINE16
wv_select_line WV1.PANEL1:1.LINE16
wv_select_waveview 1 {waveview 1}
wv_select_wv_item WV1.PANEL1:1.LEGEND
wv_drag_item_to WV1 56 74
wv_drag_enter WV1
wv_drop_on WV1
wv_drag_item_to WV1 56 74
wv_press_key Ctrl_A 312 253
wv_select_list_item {Custom WaveView} {} {sigview} {v(q0_out)} 51
wv_dclick_list_item {Custom WaveView} {} {sigview} {v(q0_out)} 51
wv_select_list_item {Custom WaveView} {} {sigview} {v(q10_out)} 52
wv_dclick_list_item {Custom WaveView} {} {sigview} {v(q10_out)} 52
wv_select_list_item {Custom WaveView} {} {sigview} {v(q11_out)} 53
wv_dclick_list_item {Custom WaveView} {} {sigview} {v(q11_out)} 53
wv_select_list_item {Custom WaveView} {} {sigview} {v(q12_out)} 54
wv_dclick_list_item {Custom WaveView} {} {sigview} {v(q12_out)} 54
wv_select_list_item {Custom WaveView} {} {sigview} {v(q13_out)} 55
wv_dclick_list_item {Custom WaveView} {} {sigview} {v(q13_out)} 55
wv_select_list_item {Custom WaveView} {} {sigview} {v(q14_out)} 56
wv_dclick_list_item {Custom WaveView} {} {sigview} {v(q14_out)} 56
wv_select_list_item {Custom WaveView} {} {sigview} {v(q2_out)} 59
wv_dclick_list_item {Custom WaveView} {} {sigview} {v(q2_out)} 59
wv_select_list_item {Custom WaveView} {} {sigview} {v(q4_out)} 61
wv_dclick_list_item {Custom WaveView} {} {sigview} {v(q4_out)} 61
wv_select_list_item {Custom WaveView} {} {sigview} {v(q5_out)} 62
wv_dclick_list_item {Custom WaveView} {} {sigview} {v(q5_out)} 62
wv_select_list_item {Custom WaveView} {} {sigview} {i(va0)} 0
wv_dclick_list_item {Custom WaveView} {} {sigview} {i(va0)} 0
wv_select_list_item {Custom WaveView} {} {sigview} {i(va1)} 1
wv_dclick_list_item {Custom WaveView} {} {sigview} {i(va1)} 1
wv_select_list_item {Custom WaveView} {} {sigview} {i(va3)} 3
wv_dclick_list_item {Custom WaveView} {} {sigview} {i(va3)} 3
wv_select_list_item {Custom WaveView} {} {sigview} {i(vd12)} 12
wv_drag_list_item {Custom WaveView} {} {sigview} {i(vd12)} 12
wv_dclick_list_item {Custom WaveView} {} {sigview} {i(vd12)} 12
wv_select_list_item {Custom WaveView} {} {sigview} {i(vd11)} 11
wv_dclick_list_item {Custom WaveView} {} {sigview} {i(vd11)} 11
wv_select_list_item {Custom WaveView} {} {sigview} {i(vwen)} 25
wv_dclick_list_item {Custom WaveView} {} {sigview} {i(vwen)} 25
wv_select_list_item {Custom WaveView} {} {sigview} {v(wen_in)} 68
wv_dclick_list_item {Custom WaveView} {} {sigview} {v(wen_in)} 68
wv_select_list_item {Custom WaveView} {} {sigview} {v(vdd)} 67
wv_dclick_list_item {Custom WaveView} {} {sigview} {v(vdd)} 67
wv_select_waveview 1 {waveview 1}
wv_select_wv_item WV1.PANEL1:1.LEGEND
wv_select_window {Custom WaveView} 
wv_select_panel WV1.PANEL1:1.LEGEND
wv_press_key Ctrl_A 303 214
wv_select_waveview 1 {waveview 1}
wv_release_wv_item WV1 39 1
wv_press_tool_button {Custom WaveView} {waveview 1:1} {Waveview.CloseBtn} 
wv_select_dialog {Confirmation} 
wv_press_button {Confirmation} {} {Ok} 
wv_select_list_item {Custom WaveView} {} {sigview} {v(q0_out)} 51
wv_dclick_list_item {Custom WaveView} {} {sigview} {v(q0_out)} 51
wv_press_tool_button {Custom WaveView} {} {NewWaveView0} 
wv_resize_browser {Custom WaveView} {} {waveview 1:1} 1788 920
wv_resize_browser {Custom WaveView} {} {WV.Browser} 250 937
wv_resize_browser {Custom WaveView} {} {waveview 1:1} 1788 911
wv_resize_window {Custom WaveView} 2048 1080
wv_select_tree_item {Custom WaveView} {} {hierview} {D0:SRAM_2KB.tr0(0)@toplevel(0)} {0} {+sep=@}
wv_select_tree_item {Custom WaveView} {} {hierview} {D0:SRAM_2KB.tr0(2)@toplevel(0)} {0} {+sep=@}
wv_tree_context_menu {Custom WaveView} {} {hierview} 104 81 {D0:SRAM_2KB.tr0(2)@toplevel(0)} {+sep=@}
wv_select_menu_item {Custom WaveView} {} {FileViewPopMenu.Close All} 
wv_press_button {Confirmation} {} {Ok} 
wv_press_tool_button {Custom WaveView} {} {OpenWaveformFile0} 
wv_select_dialog {FileDialog} 
wv_select_list_item {FileDialog} {} {FileList} {SRAM_2KB.tr0} 10
wv_dclick_list_item {FileDialog} {} {FileList} {SRAM_2KB.tr0} 10
wv_expand_tree_item {Custom WaveView} {} {hierview} {D0:SRAM_2KB.tr0(0)} {+sep=@}
wv_select_tree_item {Custom WaveView} {} {hierview} {D0:SRAM_2KB.tr0(0)@toplevel(0)} {0} {+sep=@}
wv_select_list_item {Custom WaveView} {} {sigview} {v(q0_out)} 51
wv_dclick_list_item {Custom WaveView} {} {sigview} {v(q0_out)} 51
wv_select_list_item {Custom WaveView} {} {sigview} {v(q10_out)} 52
wv_dclick_list_item {Custom WaveView} {} {sigview} {v(q10_out)} 52
wv_select_list_item {Custom WaveView} {} {sigview} {v(q11_out)} 53
wv_dclick_list_item {Custom WaveView} {} {sigview} {v(q11_out)} 53
wv_select_list_item {Custom WaveView} {} {sigview} {v(q12_out)} 54
wv_dclick_list_item {Custom WaveView} {} {sigview} {v(q12_out)} 54
wv_select_list_item {Custom WaveView} {} {sigview} {v(q13_out)} 55
wv_dclick_list_item {Custom WaveView} {} {sigview} {v(q13_out)} 55
wv_select_list_item {Custom WaveView} {} {sigview} {v(q15_out)} 57
wv_dclick_list_item {Custom WaveView} {} {sigview} {v(q15_out)} 57
wv_select_list_item {Custom WaveView} {} {sigview} {v(wen_in)} 68
wv_dclick_list_item {Custom WaveView} {} {sigview} {v(wen_in)} 68
wv_select_list_item {Custom WaveView} {} {sigview} {v(a6_in)} 33
wv_dclick_list_item {Custom WaveView} {} {sigview} {v(a6_in)} 33
wv_select_list_item {Custom WaveView} {} {sigview} {v(a5_in)} 32
wv_dclick_list_item {Custom WaveView} {} {sigview} {v(a5_in)} 32
wv_select_list_item {Custom WaveView} {} {sigview} {v(d0_in)} 35
wv_drag_list_item {Custom WaveView} {} {sigview} {v(d0_in)} 35
wv_dclick_list_item {Custom WaveView} {} {sigview} {v(d0_in)} 35
wv_select_list_item {Custom WaveView} {} {sigview} {v(d10_in)} 36
wv_dclick_list_item {Custom WaveView} {} {sigview} {v(d10_in)} 36
wv_select_list_item {Custom WaveView} {} {sigview} {v(d11_in)} 37
wv_dclick_list_item {Custom WaveView} {} {sigview} {v(d11_in)} 37
wv_select_list_item {Custom WaveView} {} {sigview} {v(d12_in)} 38
wv_dclick_list_item {Custom WaveView} {} {sigview} {v(d12_in)} 38
wv_select_list_item {Custom WaveView} {} {sigview} {v(d13_in)} 39
wv_dclick_list_item {Custom WaveView} {} {sigview} {v(d13_in)} 39
wv_select_list_item {Custom WaveView} {} {sigview} {v(d14_in)} 40
wv_dclick_list_item {Custom WaveView} {} {sigview} {v(d14_in)} 40
wv_select_list_item {Custom WaveView} {} {sigview} {v(d15_in)} 41
wv_dclick_list_item {Custom WaveView} {} {sigview} {v(d15_in)} 41
wv_select_list_item {Custom WaveView} {} {sigview} {v(q14_out)} 56
wv_dclick_list_item {Custom WaveView} {} {sigview} {v(q14_out)} 56
wv_select_waveview 1 {waveview 1}
wv_select_toolbar_item {Custom WaveView} {waveview 1:1} {Full Unzoom} 
wv_select_waveview 1 {waveview 1}
wv_select_wv_item WV1.PANEL1:1.XAXIS1
wv_select_list_item {Custom WaveView} {} {sigview} {v(q2_out)} 59
wv_dclick_list_item {Custom WaveView} {} {sigview} {v(q2_out)} 59
wv_select_list_item {Custom WaveView} {} {sigview} {v(q1_out)} 58
wv_dclick_list_item {Custom WaveView} {} {sigview} {v(q1_out)} 58
wv_select_list_item {Custom WaveView} {} {sigview} {v(q3_out)} 60
wv_dclick_list_item {Custom WaveView} {} {sigview} {v(q3_out)} 60
wv_select_list_item {Custom WaveView} {} {sigview} {v(q4_out)} 61
wv_dclick_list_item {Custom WaveView} {} {sigview} {v(q4_out)} 61
wv_select_list_item {Custom WaveView} {} {sigview} {v(q6_out)} 63
wv_dclick_list_item {Custom WaveView} {} {sigview} {v(q6_out)} 63
wv_select_list_item {Custom WaveView} {} {sigview} {v(q7_out)} 64
wv_dclick_list_item {Custom WaveView} {} {sigview} {v(q7_out)} 64
wv_select_list_item {Custom WaveView} {} {sigview} {v(q8_out)} 65
wv_dclick_list_item {Custom WaveView} {} {sigview} {v(q8_out)} 65
wv_select_list_item {Custom WaveView} {} {sigview} {v(vdd)} 67
wv_dclick_list_item {Custom WaveView} {} {sigview} {v(vdd)} 67
wv_select_list_item {Custom WaveView} {} {sigview} {v(q9_out)} 66
wv_dclick_list_item {Custom WaveView} {} {sigview} {v(q9_out)} 66
wv_select_list_item {Custom WaveView} {} {sigview} {v(d9_in)} 50
wv_dclick_list_item {Custom WaveView} {} {sigview} {v(d9_in)} 50
wv_select_list_item {Custom WaveView} {} {sigview} {v(d8_in)} 49
wv_dclick_list_item {Custom WaveView} {} {sigview} {v(d8_in)} 49
wv_select_waveview 1 {waveview 1}
wv_select_wv_item WV1.PANEL1:1.LEGEND
wv_select_panel WV1.PANEL1:1.LEGEND
wv_press_key Ctrl_A 307 202
wv_select_waveview 1 {waveview 1}
wv_release_wv_item WV1 214 837
wv_select_list_item {Custom WaveView} {} {sigview} {v(q5_out)} 62
wv_dclick_list_item {Custom WaveView} {} {sigview} {v(q5_out)} 62
wv_select_waveview 1 {waveview 1}
wv_select_panel WV1.PANEL29:1 1.64134e-10 -8e-07
wv_select_waveview 1 {waveview 1}
wv_select_panel WV1.PANEL29:1 1.4772e-10 -4e-07
wv_select_panel WV1.PANEL29:1 1.4772e-10 -4e-07 btnup
wv_release_wv_item WV1 181 822
wv_select_waveview 1 {waveview 1}
wv_select_panel WV1.PANEL29:1 1.4772e-10 -4e-07
wv_select_panel WV1.PANEL29:1 1.4772e-10 -4e-07 btnup
wv_select_waveview 1 {waveview 1}
wv_select_wv_item WV1.PANEL28:1.LEGEND
wv_select_panel WV1.PANEL28:1.LEGEND
wv_press_tool_button {Custom WaveView} {waveview 1:1} {Waveview.CloseBtn} 
wv_select_dialog {Confirmation} 
wv_press_button {Confirmation} {} {Ok} 
wv_press_tool_button {Custom WaveView} {} {NewWaveView0} 
wv_resize_browser {Custom WaveView} {} {waveview 1:1} 1788 911
wv_press_tool_button {Custom WaveView} {} {NewWaveView0} 
wv_press_tool_button {Custom WaveView} {} {NewWaveView0} 
wv_select_list_item {Custom WaveView} {} {sigview} {v(q15_out)} 57
wv_select_list_item {Custom WaveView} {} {sigview} {v(q14_out)} 56
wv_dclick_list_item {Custom WaveView} {} {sigview} {v(q14_out)} 56
wv_select_list_item {Custom WaveView} {} {sigview} {v(d14_in)} 40
wv_dclick_list_item {Custom WaveView} {} {sigview} {v(d14_in)} 40
wv_move_window {Custom WaveView} {} 0 0
wv_move_window {Custom WaveView} {} 8 31
wv_resize_browser {Custom WaveView} {} {WV.Browser} 250 946
wv_resize_browser {Custom WaveView} {} {waveview 3:3} 1788 920
wv_resize_window {Custom WaveView} 2048 1089
wv_select_window {Custom WaveView} 
wv_select_list_item {Custom WaveView} {} {sigview} {v(d1_in)} 42
wv_move_window {Custom WaveView} {} 0 0
wv_move_window {Custom WaveView} {} 8 31
wv_select_window {Custom WaveView} 
wv_move_window {Custom WaveView} {} 0 0
wv_move_window {Custom WaveView} {} 8 31
wv_select_window {Custom WaveView} 
wv_resize_browser {Custom WaveView} {} {WV.Browser} 250 932
wv_resize_browser {Custom WaveView} {} {waveview 3:3} 1788 906
wv_resize_window {Custom WaveView} 2048 1075
wv_move_window {Custom WaveView} {} 0 0
