### Custom WaveView ADV log file, revision T-2022.06 (build May 21, ) ###
### created at 16:03:38 on Tue Apr 21 2026 (Linux AMD64) ###
### Host Name: ee24   User ID: es26mcs068   PID: 119027   ###
wv_start_log
# (0) running in waveview only mode
# (0) SW_SX_PERL_LIB defined
# (0) SW_SX_TCL_LIB defined
# (0) HOME defined
wv_move_window {Custom WaveView} {} 1980 83
wv_select_window {Custom WaveView} 
wv_press_tool_button {Custom WaveView} {} {RecentFile0} 
wv_expand_tree_item {Custom WaveView} {} {hierview} {D0:decoder.tr0(0)} {+sep=@}
wv_select_tree_item {Custom WaveView} {} {hierview} {D0:decoder.tr0(0)@toplevel(0)} {0} {+sep=@}
wv_move_scrollbar {Custom WaveView} {} {sigview.HScrolBar} {2}
wv_move_scrollbar {Custom WaveView} {} {sigview.HScrolBar} {4}
wv_move_scrollbar {Custom WaveView} {} {sigview.HScrolBar} {5}
wv_move_scrollbar {Custom WaveView} {} {sigview.HScrolBar} {7}
wv_move_scrollbar {Custom WaveView} {} {sigview.HScrolBar} {11}
wv_move_scrollbar {Custom WaveView} {} {sigview.HScrolBar} {14}
wv_move_scrollbar {Custom WaveView} {} {sigview.HScrolBar} {20}
wv_move_scrollbar {Custom WaveView} {} {sigview.HScrolBar} {25}
wv_move_scrollbar {Custom WaveView} {} {sigview.HScrolBar} {34}
wv_move_scrollbar {Custom WaveView} {} {sigview.HScrolBar} {43}
wv_move_scrollbar {Custom WaveView} {} {sigview.HScrolBar} {47}
wv_move_scrollbar {Custom WaveView} {} {sigview.HScrolBar} {61}
wv_move_scrollbar {Custom WaveView} {} {sigview.HScrolBar} {65}
wv_move_scrollbar {Custom WaveView} {} {sigview.HScrolBar} {72}
wv_move_scrollbar {Custom WaveView} {} {sigview.HScrolBar} {76}
wv_move_scrollbar {Custom WaveView} {} {sigview.HScrolBar} {81}
wv_move_scrollbar {Custom WaveView} {} {sigview.HScrolBar} {85}
wv_move_scrollbar {Custom WaveView} {} {sigview.HScrolBar} {90}
wv_move_scrollbar {Custom WaveView} {} {sigview.HScrolBar} {96}
wv_move_scrollbar {Custom WaveView} {} {sigview.HScrolBar} {101}
wv_move_scrollbar {Custom WaveView} {} {sigview.HScrolBar} {103}
wv_move_scrollbar {Custom WaveView} {} {sigview.HScrolBar} {107}
wv_move_scrollbar {Custom WaveView} {} {sigview.HScrolBar} {110}
wv_move_scrollbar {Custom WaveView} {} {sigview.HScrolBar} {114}
wv_move_scrollbar {Custom WaveView} {} {sigview.HScrolBar} {119}
wv_move_scrollbar {Custom WaveView} {} {sigview.HScrolBar} {121}
wv_move_scrollbar {Custom WaveView} {} {sigview.HScrolBar} {125}
wv_move_scrollbar {Custom WaveView} {} {sigview.HScrolBar} {132}
wv_move_scrollbar {Custom WaveView} {} {sigview.HScrolBar} {135}
wv_move_scrollbar {Custom WaveView} {} {sigview.HScrolBar} {137}
wv_move_scrollbar {Custom WaveView} {} {sigview.HScrolBar} {139}
wv_select_list_item {Custom WaveView} {} {sigview} {v(wl63)} 60
wv_dclick_list_item {Custom WaveView} {} {sigview} {v(wl63)} 60
wv_select_waveview 1 {waveview 1}
wv_select_wv_item WV1.PANEL1:1.XAXIS1
wv_drag_item_to WV1 1324 9
wv_zoom_x WV1.PANEL1:1 6.08262e-08 6.61707e-08
wv_press_tool_button {Custom WaveView} {} {WaveformMeasurementTool0} 
wv_move_window {MeasurementTool} {} 1410 123
wv_select_dialog {MeasurementTool} 
wv_move_window {MeasurementTool} {} 952 89
wv_press_button {MeasurementTool} {} {Ok} 
wv_select_window {Custom WaveView} 
wv_select_waveview 1 {waveview 1}
wv_select_wv_item WV1.MEAS1
wv_drag_item_to WV1 533 245
wv_move_wv_item WV1.MEAS1 365 249
wv_select_waveview 1 {waveview 1}
wv_select_wv_item WV1.MEAS1
wv_drag_item_to WV1 428 268
wv_move_wv_item WV1.MEAS1 444 276
wv_move_scrollbar {Custom WaveView} {} {sigview.HScrolBar} {137}
wv_move_scrollbar {Custom WaveView} {} {sigview.HScrolBar} {134}
wv_move_scrollbar {Custom WaveView} {} {sigview.HScrolBar} {130}
wv_move_scrollbar {Custom WaveView} {} {sigview.HScrolBar} {128}
wv_move_scrollbar {Custom WaveView} {} {sigview.HScrolBar} {123}
wv_move_scrollbar {Custom WaveView} {} {sigview.HScrolBar} {116}
wv_move_scrollbar {Custom WaveView} {} {sigview.HScrolBar} {110}
wv_move_scrollbar {Custom WaveView} {} {sigview.HScrolBar} {105}
wv_move_scrollbar {Custom WaveView} {} {sigview.HScrolBar} {96}
wv_move_scrollbar {Custom WaveView} {} {sigview.HScrolBar} {85}
wv_move_scrollbar {Custom WaveView} {} {sigview.HScrolBar} {72}
wv_move_scrollbar {Custom WaveView} {} {sigview.HScrolBar} {60}
wv_move_scrollbar {Custom WaveView} {} {sigview.HScrolBar} {45}
wv_move_scrollbar {Custom WaveView} {} {sigview.HScrolBar} {32}
wv_move_scrollbar {Custom WaveView} {} {sigview.HScrolBar} {20}
wv_move_scrollbar {Custom WaveView} {} {sigview.HScrolBar} {14}
wv_move_scrollbar {Custom WaveView} {} {sigview.HScrolBar} {2}
wv_move_scrollbar {Custom WaveView} {} {sigview.HScrolBar} {0}
wv_select_list_item {Custom WaveView} {} {sigview} {v(wl0)} 21
wv_select_list_item {Custom WaveView} {} {sigview} {v(wl0)} 21
wv_dclick_list_item {Custom WaveView} {} {sigview} {v(wl0)} 21
wv_move_scrollbar {Custom WaveView} {} {sigview.HScrolBar} {2}
wv_move_scrollbar {Custom WaveView} {} {sigview.HScrolBar} {4}
wv_move_scrollbar {Custom WaveView} {} {sigview.HScrolBar} {5}
wv_move_scrollbar {Custom WaveView} {} {sigview.HScrolBar} {7}
wv_move_scrollbar {Custom WaveView} {} {sigview.HScrolBar} {9}
wv_move_scrollbar {Custom WaveView} {} {sigview.HScrolBar} {11}
wv_move_scrollbar {Custom WaveView} {} {sigview.HScrolBar} {13}
wv_move_scrollbar {Custom WaveView} {} {sigview.HScrolBar} {14}
wv_move_scrollbar {Custom WaveView} {} {sigview.HScrolBar} {16}
wv_move_scrollbar {Custom WaveView} {} {sigview.HScrolBar} {18}
wv_move_scrollbar {Custom WaveView} {} {sigview.HScrolBar} {20}
wv_move_scrollbar {Custom WaveView} {} {sigview.HScrolBar} {22}
wv_move_scrollbar {Custom WaveView} {} {sigview.HScrolBar} {23}
wv_move_scrollbar {Custom WaveView} {} {sigview.HScrolBar} {25}
wv_move_scrollbar {Custom WaveView} {} {sigview.HScrolBar} {27}
wv_move_scrollbar {Custom WaveView} {} {sigview.HScrolBar} {29}
wv_move_scrollbar {Custom WaveView} {} {sigview.HScrolBar} {31}
wv_move_scrollbar {Custom WaveView} {} {sigview.HScrolBar} {32}
wv_move_scrollbar {Custom WaveView} {} {sigview.HScrolBar} {34}
wv_move_scrollbar {Custom WaveView} {} {sigview.HScrolBar} {36}
wv_move_scrollbar {Custom WaveView} {} {sigview.HScrolBar} {38}
wv_move_scrollbar {Custom WaveView} {} {sigview.HScrolBar} {40}
wv_move_scrollbar {Custom WaveView} {} {sigview.HScrolBar} {42}
wv_move_scrollbar {Custom WaveView} {} {sigview.HScrolBar} {43}
wv_move_scrollbar {Custom WaveView} {} {sigview.HScrolBar} {45}
wv_move_scrollbar {Custom WaveView} {} {sigview.HScrolBar} {49}
wv_move_scrollbar {Custom WaveView} {} {sigview.HScrolBar} {51}
wv_move_scrollbar {Custom WaveView} {} {sigview.HScrolBar} {52}
wv_select_list_item {Custom WaveView} {} {sigview} {v(wl31)} 46
wv_dclick_list_item {Custom WaveView} {} {sigview} {v(wl31)} 46
wv_select_list_item {Custom WaveView} {} {sigview} {v(wl32)} 47
wv_dclick_list_item {Custom WaveView} {} {sigview} {v(wl32)} 47
wv_select_waveview 1 {waveview 1}
wv_select_wv_item WV1.MEAS1
wv_drag_item_to WV1 488 24
wv_move_wv_item WV1.MEAS1 486 141
wv_select_waveview 1 {waveview 1}
wv_select_toolbar_item {Custom WaveView} {waveview 1:1} {Full Unzoom} 
wv_select_waveview 1 {waveview 1}
wv_select_wv_item WV1.MEAS1
wv_drag_item_to WV1 1307 159
wv_move_wv_item WV1.MEAS1 650 468
wv_move_scrollbar {Custom WaveView} {} {sigview.HScrolBar} {51}
wv_move_scrollbar {Custom WaveView} {} {sigview.HScrolBar} {49}
wv_move_scrollbar {Custom WaveView} {} {sigview.HScrolBar} {47}
wv_move_scrollbar {Custom WaveView} {} {sigview.HScrolBar} {43}
wv_move_scrollbar {Custom WaveView} {} {sigview.HScrolBar} {42}
wv_move_scrollbar {Custom WaveView} {} {sigview.HScrolBar} {40}
wv_move_scrollbar {Custom WaveView} {} {sigview.HScrolBar} {36}
wv_move_scrollbar {Custom WaveView} {} {sigview.HScrolBar} {34}
wv_move_scrollbar {Custom WaveView} {} {sigview.HScrolBar} {31}
wv_move_scrollbar {Custom WaveView} {} {sigview.HScrolBar} {25}
wv_move_scrollbar {Custom WaveView} {} {sigview.HScrolBar} {16}
wv_move_scrollbar {Custom WaveView} {} {sigview.HScrolBar} {9}
wv_move_scrollbar {Custom WaveView} {} {sigview.HScrolBar} {2}
wv_move_scrollbar {Custom WaveView} {} {sigview.HScrolBar} {0}
wv_select_list_item {Custom WaveView} {} {sigview} {v(a0)} 12
wv_drag_list_item {Custom WaveView} {} {sigview} {v(a0)} 12
wv_dclick_list_item {Custom WaveView} {} {sigview} {v(a0)} 12
wv_select_list_item {Custom WaveView} {} {sigview} {v(a1)} 13
wv_dclick_list_item {Custom WaveView} {} {sigview} {v(a1)} 13
wv_select_list_item {Custom WaveView} {} {sigview} {v(a2)} 14
wv_dclick_list_item {Custom WaveView} {} {sigview} {v(a2)} 14
wv_select_list_item {Custom WaveView} {} {sigview} {v(a3)} 15
wv_dclick_list_item {Custom WaveView} {} {sigview} {v(a3)} 15
wv_select_list_item {Custom WaveView} {} {sigview} {v(a4)} 16
wv_dclick_list_item {Custom WaveView} {} {sigview} {v(a4)} 16
wv_select_list_item {Custom WaveView} {} {sigview} {v(a5)} 17
wv_dclick_list_item {Custom WaveView} {} {sigview} {v(a5)} 17
wv_select_waveview 1 {waveview 1}
wv_select_wv_item WV1.PANEL1:1.XAXIS1
wv_drag_item_to WV1 728 12
wv_zoom_x WV1.PANEL1:1 3.05912e-08 3.28818e-08
wv_select_waveview 1 {waveview 1}
wv_select_toolbar_item {Custom WaveView} {waveview 1:1} {Full Unzoom} 
wv_select_waveview 1 {waveview 1}
wv_select_wv_item WV1.MEAS1
wv_drag_item_to WV1 680 217
wv_move_wv_item WV1.MEAS1 682 280
wv_select_waveview 1 {waveview 1}
wv_select_wv_item WV1.PANEL1:1.XAXIS1
wv_drag_item_to WV1 720 5
wv_zoom_x WV1.PANEL1:1 3.01331e-08 3.30854e-08
wv_select_waveview 1 {waveview 1}
wv_select_wv_item WV1.MEAS1
wv_drag_item_to WV1 743 307
wv_move_wv_item WV1.MEAS1 634 268
wv_select_waveview 1 {waveview 1}
wv_select_wv_item WV1.MEAS1
wv_drag_item_to WV1 670 293
wv_move_wv_item WV1.MEAS1 659 268
wv_select_waveview 1 {waveview 1}
wv_select_wv_item WV1.MEAS1
wv_drag_item_to WV1 716 295
wv_move_wv_item WV1.MEAS1 698 253
wv_select_waveview 1 {waveview 1}
wv_select_wv_item WV1.PANEL5:1.LEGEND
wv_select_panel WV1.PANEL5:1.LEGEND
wv_select_waveview 1 {waveview 1}
wv_select_wv_item WV1.PANEL6:1.LEGEND
wv_select_panel WV1.PANEL6:1.LEGEND
wv_select_waveview 1 {waveview 1}
wv_select_wv_item WV1.PANEL7:1.LEGEND
wv_select_panel WV1.PANEL7:1.LEGEND
wv_select_waveview 1 {waveview 1}
wv_select_wv_item WV1.PANEL8:1.LEGEND
wv_select_panel WV1.PANEL8:1.LEGEND
wv_select_waveview 1 {waveview 1}
wv_select_wv_item WV1.PANEL9:1.LEGEND
wv_select_panel WV1.PANEL9:1.LEGEND
wv_select_waveview 1 {waveview 1}
wv_select_wv_item WV1.PANEL10:1.LEGEND
wv_select_panel WV1.PANEL10:1.LEGEND
wv_move_window {Custom WaveView} {} 0 0
wv_select_window {Custom WaveView} 
wv_move_window {Custom WaveView} {} 1914 31
wv_select_window {Custom WaveView} 
wv_select_waveview 1 {waveview 1}
wv_select_wv_item WV1.MEAS1
wv_drag_item_to WV1 737 268
wv_move_wv_item WV1.MEAS1 193 214
wv_select_waveview 1 {waveview 1}
wv_select_wv_item WV1.PANEL3:1.LEGEND
wv_select_panel WV1.PANEL3:1.LEGEND
wv_press_key Delete 302 354
wv_select_dialog {Confirmation} 
wv_press_button {Confirmation} {} {Ok} 
wv_select_waveview 1 {waveview 1}
wv_select_wv_item WV1.PANEL2:1.LEGEND
wv_select_panel WV1.PANEL2:1.LEGEND
wv_select_waveview 1 {waveview 1}
wv_select_wv_item WV1.MEAS1
wv_drag_item_to WV1 224 239
wv_move_wv_item WV1.MEAS1 677 229
wv_select_waveview 1 {waveview 1}
wv_select_wv_item WV1.PANEL1:1.LEGEND
wv_select_panel WV1.PANEL1:1.LEGEND
wv_select_waveview 1 {waveview 1}
wv_select_wv_item WV1.PANEL2:1.LINE1
wv_drag_item_to WV1 54 115
wv_select_line WV1.PANEL2:1.LINE1
wv_drag_item_to WV1 54 115
wv_press_key Delete 327 297
wv_move_window {Confirmation} {} 2653 438
wv_select_dialog {Confirmation} 
wv_press_button {Confirmation} {} {Ok} 
wv_move_window {Custom WaveView} {} 0 0
wv_select_window {Custom WaveView} 
wv_move_window {Custom WaveView} {} 1914 31
wv_select_window {Custom WaveView} 
wv_close_window {Custom WaveView} 
wv_select_dialog {Confirmation} 
#wv_press_button {Confirmation} {} {Ok} 
